0.0,4213942
0.0,4082744
0.0,3877567
0.0,3877226
0.0,3868992
0.0,3863922
0.0,3636451
0.0,3609495
0.0,3432888
0.0,3420685
0.0,3403175
0.0,3131751
0.0,3106900
0.0,3092135
0.0,3054492
0.01,3030703
0.01,2983481
0.01,2976752
0.01,2885066
0.01,2834567
0.01,2830210
0.01,2812121
0.01,2775447
0.01,2711277
0.01,2697336
0.01,2655364
0.02,2525293
0.02,2507466
0.03,2485664
0.03,2483668
0.04,2472974
0.04,2459773
0.06,2451534
0.07,2448757
0.33,2439720
0.34,2431687
0.35,2394084
0.35,2386317
0.35,2384047
0.35,2308866
0.35,2266067
0.36,2265878
0.36,2236873
0.37,2234096
0.37,2214729
0.37,2212270
1.19,2205100
1.21,2190695
8.02,2137571
8.03,2134647
8.04,2121195
8.04,2103285
8.06,2094322
8.07,2080381
8.1,2065220
8.1,2061899
8.1,2048759
8.11,2040814
8.14,2030263
8.14,2016322
