0.24,3016821
0.51,2796263
0.76,2647839
1.02,2647839
1.28,2647839
1.52,2409188
1.76,2409188
2.0,2409188
2.35,2388932
2.7,2388932
3.05,2388932
3.41,2388932
3.76,2349580
4.13,2349580
4.5,2349580
4.86,2133341
5.24,2133341
5.68,2133341
6.07,2133341
6.46,2133341
6.82,2133341
7.23,2133341
7.79,2133341
8.41,2133341
8.99,2133341
9.55,2133341
10.11,2133341
10.67,2133341
11.23,2133341
11.79,2133341
12.35,2133341
12.9,2133341
13.47,2133341
14.03,2133341
14.61,2133341
15.15,2133341
15.69,2133341
16.28,2133341
16.84,2133341
17.42,2133341
18.32,2133341
19.17,2133341
19.97,2133341
20.8,2091811
21.64,2091811
22.42,2091811
23.28,2091811
24.14,2091811
24.97,2091811
25.82,2091811
26.65,2091811
27.49,2091811
28.35,2091811
29.19,2091811
29.99,2091811
30.81,2091811
31.64,2091811
32.46,2091811
33.27,2091811
34.08,2091811
34.87,2091811
35.7,2091811
36.51,2091811
37.71,2091811
38.94,2091811
40.17,2091811
41.41,2091811
42.65,2091811
43.85,2091811
45.05,2091811
46.29,2091811
47.52,2091811
48.75,2091811
49.96,2091811
51.23,2091811
52.45,2091811
53.65,2091811
54.85,2091811
56.07,2091811
57.29,2091811
58.49,2091811
59.73,2091811
60.93,2084684
62.13,2084684
63.31,2084684
64.57,2084684
65.75,2084684
66.97,2084684
68.13,2084684
69.36,2084684
70.54,2084684
72.36,2084684
74.15,2084684
75.96,2084684
77.78,2084684
79.69,2084684
81.47,2084684
83.25,2084684
85.06,2084684
86.92,2073449
88.74,2073449
90.62,2073449
92.53,2073449
94.31,2073449
96.08,2060178
97.86,2060178
99.67,2060178
101.55,2060178
103.33,2060178
105.16,2060178
107.0,2060178
108.77,2060178
110.58,2060178
112.39,2060178
114.22,2060178
116.05,2060178
117.81,2060178
119.61,2060178
121.46,2060178
123.28,2060178
125.13,2060178
126.91,2060178
128.76,2060178
130.62,2060178
132.47,2060178
135.17,2060178
137.86,2060178
140.62,2060178
143.34,2060178
146.19,2060178
148.91,2044617
151.71,2044617
154.4,2044617
157.09,2044617
159.8,2044617
162.52,2044617
165.2,2044617
168.01,2044617
170.79,2044617
173.51,2044617
176.26,2044617
179.05,2044617
181.85,2044617
184.54,2044617
187.26,2044617
190.04,2044617
192.77,2044617
195.49,2044617
198.22,2044617
200.95,2044617
203.68,2044617
206.4,2044617
209.18,2044617
211.92,2044617
214.61,2044617
217.34,2044617
220.13,2044617
222.92,2044617
225.68,2044617
228.44,2044617
231.23,2044617
233.99,2044617
236.78,2044617
239.77,2044617
243.95,2044617
247.99,2044617
252.26,2044617
256.39,2044617
260.57,2044617
264.74,2044617
268.89,2044617
273.19,2044617
277.51,2044617
281.78,2024508
286.04,2024508
290.24,2024508
294.33,2024508
298.58,2024508
302.79,2024508
306.89,2024508
311.02,2024508
315.4,2024508
319.56,2024508
323.76,2024508
327.98,2024508
332.18,2024508
336.4,2024508
340.43,2024508
344.58,2024508
348.74,2024508
352.88,2024508
357.02,2024508
361.29,2024508
365.44,2024508
369.6,2024508
373.98,2024508
378.41,2024508
382.57,2024508
386.73,2024508
390.95,2024508
395.17,2024508
399.3,2024508
403.49,2024508
407.66,2024508
411.79,2024508
416.01,2024508
420.22,2024508
424.42,2024508
430.58,2024508
436.81,2024508
443.1,2024508
449.27,2024508
455.45,2024508
461.55,2024508
467.68,2024508
473.86,2024508
480.06,2024508
486.31,2024508
492.42,2024508
498.72,2024508
505.04,2024508
511.23,2024508
517.5,2024508
523.71,2024508
529.92,2024508
536.19,2024508
542.42,2024508
548.7,2024508
554.92,2024508
561.23,2024508
567.43,2024508
573.75,2024508
580.05,2024508
586.44,2024508
592.55,2024508
598.68,2024508
