0.0,5060663
0.0,4749526
0.0,4565432
0.0,4313076
0.0,4288537
0.0,4258233
0.0,4161005
0.0,3723378
0.0,3720163
0.0,3696436
0.0,3691691
0.0,3552818
0.0,3541130
0.0,3188777
0.0,3042123
0.0,3023209
0.0,3009177
0.01,2964840
0.01,2884173
0.01,2805879
0.01,2791770
0.01,2732398
0.01,2728187
0.01,2687288
0.01,2643656
0.01,2640561
0.01,2620181
0.01,2546157
0.02,2515229
0.02,2508194
0.02,2484762
0.03,2422477
0.03,2403006
0.03,2392088
0.03,2336763
0.03,2334304
0.06,2325353
0.06,2314937
0.06,2293636
0.07,2279695
0.11,2258783
0.13,2257947
0.15,2228949
0.15,2193474
0.18,2190908
0.35,2163244
0.37,2147510
0.38,2146355
0.39,2132414
0.39,2093357
0.82,2082052
1.35,2078579
1.36,2061392
1.36,2058297
1.36,2042058
6.12,2031423
