0.25,2832673
0.51,2654668
0.76,2654668
1.02,2591593
1.28,2353739
1.55,2353739
1.81,2342794
2.06,2342794
2.3,2342794
2.65,2342794
3.02,2223049
3.38,2223049
3.74,2223049
4.11,2223049
4.46,2223049
4.84,2223049
5.22,2223049
5.62,2223049
6.01,2223049
6.43,2223049
6.82,2223049
7.21,2223049
7.78,2223049
8.36,2223049
8.94,2223049
9.48,2223049
10.06,2223049
10.66,2223049
11.25,2200959
11.85,2200959
12.44,2200959
13.0,2200959
13.59,2200959
14.18,2200959
14.75,2200959
15.32,2163805
15.85,2163805
16.38,2163805
16.93,2163805
17.49,2163805
18.04,2163805
18.88,2163805
19.7,2163805
20.5,2163805
21.31,2163805
22.13,2163805
22.97,2163805
23.85,2163805
24.64,2079556
25.43,2079556
26.28,2079556
27.09,2079556
27.91,2079556
28.72,2079556
29.53,2079556
30.33,2079556
31.15,2079556
31.97,2079556
32.8,2079556
33.65,2079556
34.46,2079556
35.25,2079556
36.03,2079556
36.86,2079556
37.7,2079556
38.91,2079556
40.14,2079556
41.31,2079556
42.48,2076590
43.72,2076590
44.9,2076590
46.08,2076590
47.27,2076590
48.47,2076590
49.71,2076590
50.88,2076590
52.06,2076590
53.23,2076590
54.41,2076590
55.62,2076590
56.83,2076590
58.08,2076590
59.3,2076590
60.51,2076590
61.71,2076590
62.97,2076590
64.29,2076590
65.56,2076590
66.82,2076590
68.08,2076590
69.31,2076590
70.57,2076590
71.84,2076590
73.08,2076590
74.97,2076590
76.91,2076590
78.85,2076590
80.79,2076590
82.75,2076590
84.62,2076590
86.45,2076590
88.28,2076590
90.08,2076590
91.91,2076590
93.76,2076590
95.59,2076590
97.48,2076590
99.28,2076590
101.06,2076590
102.89,2076590
104.69,2076590
106.51,2076590
108.3,2076590
110.22,2076590
112.08,2076590
113.93,2076590
115.78,2076590
117.64,2076590
119.49,2076590
121.32,2076590
123.25,2076590
125.21,2076590
127.18,2076590
129.06,2076590
131.04,2076590
133.13,2076590
135.04,2076590
137.77,2076590
140.5,2076590
143.43,2076590
146.46,2076590
149.27,2076590
152.06,2076590
154.84,2076590
157.76,2076590
160.67,2076590
163.58,2076590
166.24,2046915
169.11,2046915
171.87,2046915
174.59,2046915
177.29,2046915
180.04,2046915
182.76,2046915
185.56,2046915
188.21,2046915
191.05,2046915
193.81,2046915
196.55,2046915
199.28,2046915
202.03,2046915
204.82,2046915
207.54,2046915
210.35,2046915
213.14,2046915
215.92,2046915
218.81,2046915
221.55,2046915
224.31,2046915
227.08,2046915
229.85,2046915
232.58,2046915
235.35,2046915
238.08,2046915
240.82,2046915
244.88,2046915
248.97,2046915
253.04,2046915
257.17,2046915
261.21,2046915
265.36,2046915
269.52,2044617
273.55,2044617
277.73,2044617
281.83,2044617
285.95,2044617
290.02,2044617
294.09,2044617
298.16,2044617
302.26,2044617
306.5,2044617
310.64,2044617
314.82,2044617
318.95,2044617
323.01,2044617
327.51,2044617
331.98,2044617
336.61,2044617
340.95,2044617
345.19,2044617
349.31,2044617
353.47,2044617
357.63,2044617
361.77,2044617
365.82,2044617
369.96,2044617
374.08,2044617
378.23,2044617
382.36,2044617
386.51,2044617
390.58,2044617
395.17,2044617
399.34,2044617
403.45,2044617
407.67,2044617
411.73,2044617
415.77,2044617
419.84,2044617
426.03,2044617
432.27,2044617
438.43,2044617
444.56,2044617
450.79,2044617
457.1,2044617
463.27,2044617
469.42,2044617
475.54,2044617
481.71,2044617
487.78,2044617
493.91,2044617
500.16,2044617
506.35,2044617
512.43,2044617
518.64,2044617
524.76,2044617
530.92,2044617
537.13,2044617
543.27,2044617
549.45,2044617
555.56,2044617
561.75,2044617
568.03,2044617
574.24,2044617
580.46,2044617
586.65,2044617
592.83,2044617
598.98,2044617