9.56,17559
19.27,14953
28.76,13904
38.37,13841
47.95,13401
57.57,13401
67.26,12947
77.4,11610
87.47,11610
97.24,11610
106.87,11610
121.19,11610
135.62,11610
150.23,11610
164.71,11544
179.06,11252
193.44,10674
207.83,10253
222.25,10253
236.77,10253
251.27,10253
265.67,10253
280.05,10253
294.47,10253
308.99,10253
323.49,10034
337.97,10034
352.41,10034
366.85,10034
381.32,10034
403.29,10034
425.07,10034
446.95,10034
468.65,10034
490.09,10034
511.66,10034
533.25,10034
554.97,10034
576.63,10034
598.29,10034
