0.0,2955626
0.0,2915531
0.0,2898263
0.0,2762573
0.0,2748095
0.0,2667394
0.0,2646044
0.0,2624600
0.0,2609030
0.0,2574404
0.0,2566774
0.0,2564729
0.0,2531271
0.0,2526611
0.0,2515078
0.0,2496348
0.0,2392951
0.01,2369872
0.01,2361937
0.01,2353186
0.01,2334582
0.01,2317272
0.01,2303361
0.01,2285385
0.01,2274637
0.01,2218402
0.01,2203835
0.01,1892976
0.01,1885841
0.01,1864955
0.01,1822893
0.01,1819256
0.02,1818957
0.02,1808724
0.02,1807086
0.02,1792792
0.02,1756458
0.02,1752181
0.02,1745787
0.02,1734326
0.02,1730760
0.02,1632128
0.02,1606812
0.03,1591412
0.03,1582880
0.03,1572076
0.03,1568095
0.03,1546774
0.03,1532006
0.03,1522977
0.04,1499128
0.04,1472016
0.04,1449107
0.04,1393016
0.04,1376209
0.04,1375314
0.04,1370731
0.04,1358368
0.04,1340816
0.05,1324090
0.05,1315258
0.07,1309985
0.07,1309640
0.08,1308472
0.08,1298459
0.08,1279180
0.09,1266347
0.09,1263939
0.09,1252191
0.09,1250717
0.09,1238886
0.09,1224805
0.1,1218367
0.1,1207155
0.1,1178929
0.1,1171403
0.1,1171000
0.1,1158233
0.12,1151770
0.12,1136879
0.12,1133517
0.17,1127190
0.17,1107722
0.17,1090894
0.18,1083299
0.19,1074382
2.94,1065832
2.97,1037892
2.97,1034376
2.97,1023281
2.99,1022921
2.99,1022895
2.99,1018420
2.99,1018391
8.49,997670
13.02,990956
13.02,989117
13.04,974860
13.04,948780
362.26,947196
363.31,945971
363.32,932382
408.33,926453
408.34,923400
408.94,915302
408.95,912133
408.96,911852
408.96,909652
