3.44,1596319
6.85,1330647
10.32,1330647
13.66,1322344
17.04,1295108
20.43,1233655
23.78,1155418
27.18,1155418
30.54,1137953
33.95,1137953
37.32,1137953
42.41,1099065
47.51,1099065
52.7,1099065
57.94,1099065
63.17,1099065
68.29,1082967
73.37,1082967
78.49,1082967
83.66,1082967
88.95,1082967
94.16,1082967
99.26,1082967
104.4,1082967
109.49,1082967
114.61,1073551
119.67,1073551
124.69,1073551
132.19,1073551
139.73,1073551
147.27,1036719
154.92,1036719
162.51,1036719
170.09,1036719
177.75,1036719
185.35,1036719
192.91,1036719
200.52,1036719
208.08,1036719
215.69,1036719
223.33,1036719
230.98,1036719
238.58,1036719
246.19,1036719
253.77,1036719
261.35,1036719
268.84,1036719
276.48,1036719
284.12,1036719
291.79,1036719
303.16,1036719
314.47,1036719
325.81,1036719
337.01,1036719
348.44,1036719
359.85,1036719
371.87,1036719
383.5,1036719
394.96,1036719
406.34,1036719
417.78,1036719
429.28,1036719
440.58,1036719
451.91,1036719
463.44,1036719
475.02,1036719
486.52,1036719
497.97,1036719
509.48,1036719
520.91,1036719
532.36,1036719
544.05,1036719
555.68,1036719
567.77,1034419
579.86,1034419
591.75,1034419
