3.59,1335696
7.2,1205377
10.79,1171337
14.33,1171337
17.78,1171337
21.23,1125835
24.83,1125835
28.53,1125835
33.97,1116766
39.37,1116766
44.46,1116766
49.6,1116766
55.05,1108132
60.38,1107099
65.7,1077805
70.99,1077805
76.11,1075317
81.18,1058433
86.31,1052384
91.52,1052384
96.76,1052384
102.11,1051806
107.47,1051806
112.76,1051806
118.2,1051806
123.35,1051806
128.53,1051806
136.65,1051806
144.73,1050150
152.37,1050150
160.3,1050150
168.28,1050150
176.25,1050150
184.36,1050150
192.03,1050150
199.71,1050150
207.26,1050150
214.78,1050150
222.36,1050150
229.89,1050150
237.48,1050150
245.25,1050150
252.86,1050150
260.39,1050150
268.11,1050150
275.78,1050150
283.41,1037378
291.1,1037378
298.93,1037378
306.62,1037378
314.38,1037378
322.02,1037378
333.42,1037378
344.75,1037378
356.14,1037378
367.65,1037378
379.37,1037378
390.89,1037378
402.41,1037378
414.02,1037378
425.55,1037378
437.06,1024264
448.6,1023220
460.08,1023220
471.54,1023220
482.92,1023220
494.48,1023220
506.04,1023220
517.43,1023220
528.95,1023220
540.57,1023220
552.43,1023220
564.06,1023220
575.89,1023220
587.9,1023220
599.82,1023220
