0.0,2776714
0.0,2776107
0.0,2676981
0.0,2541578
0.0,2508433
0.0,2505652
0.0,2372541
0.0,2272583
0.0,2204572
0.0,2129613
0.0,2095442
0.0,2090818
0.0,2088473
0.01,2088068
0.01,2075044
0.01,2063596
0.01,1963117
0.01,1962690
0.01,1953657
0.01,1940569
0.01,1920353
0.01,1905944
0.01,1902659
0.01,1897259
0.01,1878009
0.01,1862694
0.01,1857446
0.01,1845193
0.01,1824686
0.01,1817601
0.02,1806846
0.02,1790052
0.02,1772347
0.02,1756118
0.02,1744582
0.02,1740555
0.02,1727849
0.02,1722039
0.02,1715353
0.03,1589216
0.03,1574971
0.03,1563140
0.03,1548672
0.03,1537289
0.03,1432321
0.03,1415980
0.03,1382504
0.04,1369419
0.04,1342791
0.04,1340166
0.04,1335155
0.05,1326832
0.06,1314303
0.07,1312833
0.09,1309095
0.09,1308486
0.09,1299871
0.09,1292615
0.09,1285462
0.09,1282669
0.09,1281750
0.1,1272672
0.1,1245757
0.1,1228029
0.1,1215499
0.1,1204874
0.11,1193058
0.11,1186690
0.11,1179791
0.12,1176104
0.12,1174993
1.21,1172335
1.21,1168485
1.22,1164143
1.23,1129049
1.23,1123286
1.28,1116729
1.28,1075111
1.28,1074814
1.28,1069851
1.39,1062359
3.15,1057571
3.16,1052655
3.16,1046049
3.17,1032116
3.18,1022769
3.19,1018265
3.2,1017755
3.2,1010238
3.21,1005486
16.78,991416
16.8,989666
16.8,980186
21.75,974525
24.13,973209
24.56,958458
73.02,955756
147.86,950024
147.86,948408
147.87,945027
147.87,940921
185.41,932073
222.91,927761
222.91,925561
222.92,921973
222.92,921763
457.26,921317
457.26,921271
457.27,921101
460.53,915400
