0.03,342475
0.05,325518
0.07,316639
0.09,315288
0.11,287810
0.13,287810
0.15,287810
0.17,287810
0.2,287810
0.23,287810
0.26,287810
0.29,287810
0.32,287810
0.35,287810
0.38,287810
0.41,287810
0.44,287810
0.47,285310
0.5,285310
0.53,285310
0.56,285310
0.59,285310
0.63,285310
0.68,285310
0.73,285310
0.78,279537
0.83,279537
0.87,279537
0.92,279537
0.96,279537
1.01,279537
1.05,279537
1.1,279537
1.14,279537
1.18,279537
1.23,279537
1.27,279537
1.31,279537
1.36,279537
1.4,279537
1.47,279537
1.54,279537
1.6,279537
1.67,279537
1.75,279537
1.81,279537
1.89,279537
1.95,279537
2.01,279537
2.08,279537
2.14,279537
2.2,279537
2.27,279537
2.33,279537
2.39,279537
2.46,279537
2.52,279537
2.6,279537
2.66,279537
2.73,279537
2.79,279537
2.86,279537
2.96,279537
3.05,279537
3.14,279537
3.25,279537
3.35,279537
3.46,279537
3.56,279537
3.65,279537
3.75,279537
3.84,279537
3.94,279537
4.03,279537
4.13,279537
4.24,279537
4.34,279537
4.44,279537
4.54,279537
4.64,279537
4.73,279537
4.82,279537
4.92,279537
5.01,279537
5.1,279537
5.2,279537
5.29,279537
5.38,279537
5.53,279537
5.66,279537
5.81,279537
5.94,279537
6.08,279537
6.23,279537
6.38,277952
6.53,277952
6.68,277952
6.82,277952
6.96,277952
7.11,277952
7.25,277952
7.4,277952
7.55,277952
7.7,277952
7.85,277952
7.99,277952
8.13,277952
8.28,277952
8.41,277952
8.56,277952
8.69,277952
8.83,277952
8.97,277952
9.11,277952
9.25,277952
9.41,277952
9.55,277952
9.69,277952
9.83,277952
10.03,277952
10.26,277952
10.48,277952
10.69,277952
10.91,277952
11.12,277952
11.33,277952
11.56,277952
11.76,277952
11.97,277952
12.18,277952
12.39,277952
12.6,277952
12.81,277952
13.02,277952
13.22,277952
13.44,277952
13.68,277952
13.88,277952
14.09,277952
14.3,277952
14.52,277952
14.73,277952
14.93,277952
15.14,277952
15.35,277952
15.57,277952
15.77,277952
15.99,277952
16.2,277952
16.42,277952
16.63,277952
16.83,277952
17.04,277952
17.28,277952
17.6,277952
17.91,277952
18.23,277952
18.54,277952
18.88,277952
19.2,277952
19.51,277952
19.83,277952
20.15,277952
20.52,277952
20.82,277952
21.14,277952
21.45,277952
21.77,277952
22.09,277952
22.41,277952
22.73,277952
23.07,277952
23.38,277952
23.69,277952
24.0,277952
24.31,277952
24.62,277952
24.93,277952
25.24,277952
25.57,277952
25.88,277952
26.18,277952
26.5,277952
26.81,277952
27.14,277952
27.45,277952
27.77,277952
28.08,277952
28.41,277952
28.71,277952
29.02,277952
29.33,277952
29.65,277952
30.12,277952
30.58,277952
31.04,277952
31.51,277952
31.98,277952
32.45,277952
32.92,277952
33.38,277952
33.84,277952
34.31,277952
34.79,277952
35.26,277952
35.72,277952
36.2,277952
36.67,277952
37.16,277952
37.64,277952
38.1,277952
38.58,277952
39.07,277952
39.53,277952
39.98,277952
40.46,277952
40.92,277952
41.39,277952
41.85,277952
42.31,277952
42.78,277952
43.24,277952
43.72,277952
44.18,277952
44.65,277952
45.11,277952
45.57,277952
46.04,277952
46.5,277952
46.96,277952
47.47,277952
47.93,277952
48.4,277952
48.86,277952
49.33,277952
49.82,277952
50.53,277952
51.22,277952
51.92,277952
52.62,277952
53.33,277952
54.03,277952
54.75,277952
55.44,277952
56.13,277952
56.82,277952
57.53,277952
58.25,277952
58.97,277952
59.67,277952
60.36,277952
61.06,277952
61.75,277952
62.46,277952
63.17,277952
63.9,277952
64.61,277952
65.3,277952
66.07,277952
66.79,277952
67.49,277952
68.19,277952
68.91,277952
69.62,277952
70.34,277952
71.1,277952
71.81,277952
72.54,277952
73.24,277952
73.96,277952
74.7,277952
75.41,277952
76.11,277952
76.85,277952
77.57,277952
78.28,277952
78.99,277952
79.7,277952
80.42,277952
81.12,277952
81.82,277952
82.53,277952
83.24,277952
84.29,277952
85.33,277952
86.38,277952
87.44,277952
88.51,277952
89.56,277952
90.62,277952
91.71,277952
92.78,277952
93.88,277952
94.95,277952
96.01,277952
97.09,277952
98.16,277952
99.22,277952
100.29,277952
101.37,277952
102.42,277952
103.5,277952
104.57,277952
105.6,277952
106.67,277952
107.78,277952
108.89,277952
109.97,277952
111.01,277952
112.11,277952
113.17,277952
114.24,277952
115.33,277952
116.4,277952
117.48,277952
118.59,277952
119.65,277952
120.74,277952
121.8,277952
122.86,277952
123.92,277952
125.03,277952
126.12,277952
127.21,277952
128.35,277952
129.46,277952
130.62,277952
131.78,277952
132.96,277952
134.11,277952
135.18,277952
136.3,277952
137.38,277952
138.49,277952
140.14,277952
141.84,277952
143.48,277952
145.08,277952
146.75,277952
148.42,277952
150.09,277952
151.76,277952
153.47,277952
155.17,277952
156.83,277952
158.5,277952
160.11,277952
161.76,277952
163.48,277952
165.14,277952
166.84,277952
168.48,277952
170.17,277952
171.8,277952
173.51,277952
175.19,277952
176.92,277952
178.64,277952
180.3,277952
181.89,277952
183.49,277952
185.1,277952
186.71,277952
188.34,277952
189.95,277952
191.65,277952
193.25,277952
194.87,277952
196.46,277952
198.08,277952
199.66,277952
201.28,277952
202.92,277952
204.52,277952
206.17,277952
207.84,277952
209.44,277952
211.02,277952
212.66,277952
214.28,277952
215.92,277952
217.53,277952
219.16,277952
220.77,277952
222.41,277952
224.03,277952
225.64,277952
227.24,277952
228.83,277952
231.24,277952
233.65,277952
236.02,277952
238.46,277952
240.89,277952
243.38,277952
245.87,277952
248.32,277952
250.81,277952
253.29,277952
255.81,277952
258.23,277952
260.65,277952
263.12,277952
265.53,277952
267.97,277952
270.36,277952
272.82,277952
275.24,277952
277.64,277952
280.05,277952
282.47,277952
284.92,277952
287.44,277952
289.9,277952
292.35,277952
294.77,277952
297.23,277952
299.7,277952
302.12,277952
304.51,277952
306.95,277952
309.37,277952
311.86,277952
314.35,277952
316.76,277952
319.26,277952
322.08,277952
324.8,277952
327.24,277952
329.65,277952
332.19,277952
334.65,277952
337.11,277952
339.52,277952
341.92,277952
344.33,277952
346.76,277952
349.18,277952
351.64,277952
354.11,277952
356.51,277952
359.01,277952
361.44,277952
363.86,277952
366.28,277952
368.7,277952
371.19,277952
373.61,277952
377.29,277952
380.89,277952
384.53,277952
388.11,277952
391.72,277952
395.37,277952
398.96,277952
402.54,277952
406.14,277952
409.9,277952
413.63,277952
417.23,277952
420.8,277952
424.54,277952
428.22,277952
431.96,277952
435.71,277952
439.33,277952
442.93,277952
446.6,277952
450.22,277952
453.86,277952
457.47,277952
461.13,277952
464.86,277952
468.47,277952
472.13,277952
475.77,277952
479.42,277952
483.06,277952
486.68,277952
490.39,277952
494.1,277952
497.7,277952
501.4,277952
505.04,277952
508.66,277952
512.3,277952
515.87,277952
519.46,277952
523.04,277952
526.67,277952
530.4,277952
534.01,277952
537.58,277952
541.19,277952
544.78,277952
548.39,277952
552.1,277952
555.82,277952
559.46,277952
563.09,277952
566.72,277952
570.31,277952
573.92,277952
577.54,277952
581.16,277952
584.85,277952
588.5,277952
592.11,277952
595.89,277952
599.51,277952
