0.02,280243
0.04,280243
0.06,280243
0.08,280243
0.1,280243
0.13,280243
0.16,280243
0.19,280243
0.22,280243
0.26,280243
0.29,280243
0.32,280243
0.35,280243
0.4,280243
0.44,280243
0.5,280243
0.54,280243
0.58,280243
0.63,280243
0.68,280243
0.72,280243
0.76,280243
0.82,280243
0.86,280243
0.9,280243
0.97,280243
1.06,280243
1.14,280243
1.21,280243
1.27,280243
1.34,280243
1.4,280243
1.46,280243
1.53,280243
1.6,280243
1.66,280243
1.73,280243
1.8,280243
1.87,280243
1.93,280243
1.99,280243
2.09,280243
2.18,280243
2.28,280243
2.37,280243
2.47,280243
2.59,280243
2.68,280243
2.78,280243
2.88,280243
2.97,280243
3.08,280243
3.18,280243
3.28,280243
3.38,280243
3.48,279537
3.57,279537
3.67,279537
3.78,279537
3.87,279537
3.98,279537
4.07,279537
4.21,279537
4.35,279537
4.5,279537
4.64,279537
4.78,279537
4.93,279537
5.07,279537
5.2,279537
5.35,279537
5.48,279537
5.62,279537
5.76,279537
5.9,279537
6.04,279537
6.18,279537
6.33,279537
6.48,279537
6.63,277952
6.77,277952
6.91,277952
7.06,277952
7.2,277952
7.35,277952
7.49,277952
7.64,277952
7.78,277952
8.0,277952
8.22,277952
8.43,277952
8.65,277952
8.85,277952
9.06,277952
9.27,277952
9.48,277952
9.69,277952
9.9,277952
10.11,277952
10.32,277952
10.52,277952
10.73,277952
10.94,277952
11.15,277952
11.37,277952
11.57,277952
11.78,277952
12.0,277952
12.21,277952
12.42,277952
12.65,277952
12.86,277952
13.07,277952
13.28,277952
13.49,277952
13.7,277952
13.92,277952
14.13,277952
14.45,277952
14.75,277952
15.06,277952
15.37,277952
15.72,277952
16.07,277952
16.39,277952
16.7,277952
17.01,277952
17.34,277952
17.65,277952
17.96,277952
18.27,277952
18.58,277952
18.91,277952
19.23,277952
19.54,277952
19.86,277952
20.19,277952
20.5,277952
20.82,277952
21.15,277952
21.47,277952
21.78,277952
22.1,277952
22.42,277952
22.74,277952
23.05,277952
23.4,277952
23.71,277952
24.04,277952
24.36,277952
24.69,277952
25.01,277952
25.46,277952
25.97,277952
26.44,277952
26.9,277952
27.38,277952
27.85,277952
28.32,277952
28.77,277952
29.23,277952
29.7,277952
30.16,277952
30.63,277952
31.13,277952
31.63,277952
32.14,277952
32.65,277952
33.13,277952
33.59,277952
34.06,277952
34.53,277952
34.99,277952
35.46,277952
35.93,277952
36.4,277952
36.87,277952
37.34,277952
37.79,277952
38.3,277952
38.77,277952
39.25,277952
39.71,277952
40.19,277952
40.65,277952
41.12,277952
41.58,277952
42.04,277952
42.52,277952
42.98,277952
43.67,277952
44.38,277952
45.08,277952
45.78,277952
46.49,277952
47.21,277952
47.93,277952
48.65,277952
49.37,277952
50.09,277952
50.8,277952
51.49,277952
52.19,277952
52.9,277952
53.63,277952
54.32,277952
55.03,277952
55.72,277952
56.43,277952
57.15,277952
57.84,277952
58.57,277952
59.27,277952
59.98,277952
60.69,277952
61.4,277952
62.09,277952
62.8,277952
63.52,277952
64.26,277952
64.98,277952
65.71,277952
66.44,277952
67.15,277952
67.91,277952
68.61,277952
69.31,277952
70.01,277952
70.71,277952
71.45,277952
72.17,277952
72.9,277952
73.95,277952
75.01,277952
76.07,277952
77.13,277952
78.2,277952
79.29,277952
80.34,277952
81.44,277952
82.51,277952
83.57,277952
84.63,277952
85.71,277952
86.81,277952
87.88,277952
88.96,277952
90.02,277952
91.09,277952
92.16,277952
93.22,277952
94.28,277952
95.33,277952
96.43,277952
97.48,277952
98.53,277952
99.58,277952
100.64,277952
101.69,277952
102.79,277952
103.89,277952
104.94,277952
105.98,277952
107.05,277952
108.1,277952
109.18,277952
110.25,277952
111.33,277952
112.39,277952
113.44,277952
114.52,277952
115.59,277952
116.64,277952
117.68,277952
118.77,277952
119.82,277952
120.88,277952
121.94,277952
123.51,277952
125.08,277952
126.65,277952
128.32,277952
129.89,277952
131.47,277952
133.15,277952
134.74,277952
136.35,277952
137.95,277952
139.55,277952
141.11,277952
142.72,277952
144.3,277952
145.89,277952
147.53,277952
149.12,277952
150.7,277952
152.3,277952
153.89,277952
155.48,277952
157.05,277952
158.64,277952
160.23,277952
161.83,277952
163.4,277952
165.0,277952
166.58,277952
168.19,277952
169.78,277952
171.34,277952
172.95,277952
174.53,277952
176.12,277952
177.7,277952
179.31,277952
180.9,277952
182.51,277952
184.1,277952
185.7,277952
187.32,277952
188.97,277952
190.59,277952
192.19,277952
193.81,277952
195.42,277952
197.04,277952
198.62,277952
200.23,277952
201.85,277952
204.27,277952
206.65,277952
209.04,277952
211.46,277952
213.86,277952
216.28,277952
218.68,277952
221.09,277952
223.51,277952
225.92,277952
228.33,277952
230.71,277952
233.14,277952
235.57,277952
237.95,277952
240.34,277952
242.77,277952
245.16,277952
247.63,277952
2507,277952.0
252.49,277952
254.94,277952
257.35,277952
259.75,277952
262.17,277952
264.59,277952
267.04,277952
269.43,277952
271.86,277952
274.22,277952
276.65,277952
279.0,277952
281.35,277952
283.75,277952
286.18,277952
288.63,277952
291.04,277952
293.46,277952
295.9,277952
298.28,277952
300.71,277952
303.11,277952
305.5,277952
307.94,277952
310.32,277952
312.77,277952
315.25,277952
317.69,277952
320.09,277952
322.49,277952
324.88,277952
327.29,277952
329.7,277952
332.21,277952
335.87,277952
339.6,277952
343.26,277952
346.9,277952
350.51,277952
354.1,277952
357.69,277952
361.32,277952
364.9,277952
368.55,277952
372.16,277952
375.82,277952
379.44,277952
383.02,277952
386.7,277952
390.43,277952
394.2,277952
397.84,277952
401.44,277952
405.11,277952
408.83,277952
412.38,277952
415.94,277952
419.58,277952
423.35,277952
427.05,277952
430.73,277952
434.46,277952
438.15,277952
441.86,277952
445.49,277952
449.09,277952
452.7,277952
456.3,277952
459.92,277952
463.53,277952
467.27,277952
470.97,277952
474.62,277952
478.26,277952
481.88,277952
485.48,277952
489.09,277952
492.67,277952
496.31,277952
499.94,277952
503.55,277952
507.21,277952
510.93,277952
514.61,277952
518.26,277952
521.97,277952
525.58,277952
529.15,277952
532.78,277952
536.37,277952
539.93,277952
543.55,277952
549.05,277952
554.52,277952
559.91,277952
565.33,277952
570.75,277952
576.16,277952
581.54,277952
586.92,277952
592.32,277952
597.72,277952
