0.0,463917
0.0,460801
0.0,460498
0.0,458461
0.0,457370
0.0,450527
0.0,448741
0.0,448651
0.0,446340
0.0,442426
0.01,438965
0.01,438799
0.01,438248
0.04,438197
0.04,437406
0.04,435564
0.04,435551
0.06,434293
0.06,429453
0.06,427799
0.06,425830
0.06,424396
0.07,417083
0.07,415248
0.07,412713
0.17,410542
0.17,406977
0.53,406479
1.73,395332
1.73,390056
3.36,387094
3.36,377167
3.36,376967
3.37,371868
3.37,370684
3.37,368498
3.37,364834
53.07,363652
129.0,363149
277.29,362635
277.29,359101
277.29,357354
330.37,356614
335.96,355972
341.24,354099
405.2,353305
405.2,350527
405.2,343690
405.21,342153
510.22,341253
