0.0,509536
0.0,508282
0.0,502165
0.0,498915
0.0,488324
0.0,486483
0.0,471636
0.0,470726
0.01,469251
0.01,465866
0.01,453685
0.01,452899
0.11,451259
0.11,439825
0.11,437673
0.11,435289
0.21,432914
0.31,429363
0.71,423518
0.71,423332
0.86,422802
0.86,422690
0.87,417019
0.92,415424
0.92,414917
0.93,412109
1.21,411673
1.21,410371
1.21,408979
1.21,404323
1.45,400250
1.87,398644
1.87,394836
1.87,394018
1.88,392643
5.02,386968
7.94,383225
11.89,382911
15.07,375953
16.56,368270
31.8,362513
31.8,361910
208.04,355020
208.04,352880
208.04,346407
208.05,339858
