0.0,7782329
0.0,7684116
0.0,7636169
0.0,7515230
0.0,7437456
0.0,7432639
0.0,7421961
0.0,7254843
0.0,7144613
0.0,7133533
0.0,7041856
0.0,7007690
0.0,6906399
0.0,6756564
0.0,6610060
0.0,6592263
0.0,6576793
0.0,6527412
0.0,6489748
0.0,6390353
0.0,6217977
0.0,6212204
0.0,6179973
0.0,6083000
0.01,6033053
0.01,5896779
0.01,5878569
0.01,5872043
0.01,5840361
0.01,5836546
0.01,5812381
0.01,5793686
0.01,5749657
0.01,5698930
0.01,5683004
0.01,5670307
0.01,5649355
0.01,5588611
0.01,5579778
0.01,5578371
0.01,5552636
0.01,5545108
0.02,5510884
0.02,5268184
0.02,5264251
0.02,5237589
0.02,5226305
0.02,5223013
0.02,5148059
0.02,5099851
0.03,5033143
0.03,5023410
0.03,5019986
0.03,5015938
0.03,4908539
0.03,4902960
0.03,4882350
0.03,4851375
0.03,4847520
0.03,4805300
0.04,4773508
0.04,4772337
0.04,4755235
0.04,4739744
0.04,4732578
0.04,4697368
0.04,4696129
0.05,4667439
0.05,4664443
0.05,4639028
0.05,4519769
0.05,4469811
0.05,4441680
0.05,4431588
0.05,4419863
0.06,4415048
0.06,4413561
0.06,4398697
0.06,4351327
0.06,4342050
0.06,4316053
0.06,4290187
0.06,4240387
0.06,4237812
0.06,4158607
0.06,4156868
0.07,4097563
0.07,4092851
0.07,4082237
0.07,4078261
0.08,4025895
0.08,4013432
0.08,4013346
0.09,4009202
0.09,4001650
0.09,3980893
0.09,3975374
0.09,3975176
0.09,3966709
0.09,3931711
0.09,3878052
0.1,3845381
0.1,3834276
0.1,3756284
0.11,3738422
0.11,3724095
0.12,3678864
0.12,3620779
0.12,3587827
0.12,3587644
0.12,3576111
0.12,3553121
0.12,3537909
0.13,3526823
0.13,3497911
0.16,3491621
0.17,3486186
0.17,3483039
0.17,3478537
0.17,3454585
0.17,3435648
0.18,3406727
0.18,3386498
0.18,3380649
0.18,3371384
0.18,3370482
0.19,3356710
0.19,3352093
0.19,3341975
0.19,3341524
0.22,3319791
0.22,3309024
0.23,3288947
0.23,3282833
0.23,3281365
0.23,3281043
0.23,3278424
0.23,3272463
0.23,3272159
0.24,3269752
0.25,3260480
0.25,3248815
0.25,3244809
0.26,3240757
0.26,3176015
0.31,3170678
0.32,3167882
0.32,3162812
0.32,3126725
0.32,3113596
0.33,3106179
0.33,3069670
0.35,3058182
0.35,3058154
0.35,3053140
0.35,3049873
0.37,3047731
0.37,3032731
0.37,3017568
0.62,2985892
0.63,2972794
0.63,2966053
0.64,2953127
0.64,2952941
0.64,2944034
0.65,2893956
0.66,2847709
0.66,2837508
0.68,2832352
0.68,2822869
0.68,2787348
0.76,2787166
0.76,2786617
0.76,2784292
0.76,2783773
0.76,2771854
0.76,2761946
0.76,2728182
0.77,2723028
0.77,2720432
0.78,2714996
0.78,2704512
0.79,2688940
0.8,2687717
0.8,2686648
0.81,2676660
0.81,2663080
0.82,2651634
0.82,2625100
0.83,2623738
0.86,2616190
0.86,2598032
0.86,2585379
0.87,2583147
0.87,2575675
0.87,2574586
0.87,2552742
0.87,2538275
0.88,2535079
1.07,2522216
1.07,2511789
1.07,2506284
1.12,2501483
1.12,2500693
1.14,2498677
1.14,2494332
1.14,2493193
1.15,2491875
1.17,2489480
1.17,2471404
1.18,2467862
1.18,2466328
1.19,2462521
1.19,2456414
1.19,2449105
1.2,2386921
1.21,2379881
1.91,2343807
1.91,2333433
1.92,2333168
1.92,2324606
1.93,2320741
5.99,2314492
5.99,2240369
6.0,2237625
6.0,2236529
6.0,2222782
6.02,2213161
6.02,2203310
6.02,2197678
6.02,2195918
6.03,2191776
8.21,2183574
8.21,2181573
8.21,2158431
8.21,2149552
8.21,2139230
8.21,2138445
8.22,2130562
8.22,2129947
8.22,2128455
8.22,2122187
23.63,2117580
23.64,2101208
23.69,2086044
23.7,2080261
23.7,2076318
23.7,2073711
23.7,2056207
28.81,2048621
28.82,2042019
28.83,2035767
28.83,2033205
28.83,2026648
63.06,2026404
80.79,2024463
91.09,2014960
91.1,2014006
91.11,1994637
91.12,1984758
91.14,1983506
94.59,1975017
94.59,1948175
95.66,1939729
95.81,1926511
95.81,1910955
95.81,1897808
95.82,1886858
95.83,1884578
95.84,1871384
202.72,1865576
202.72,1864651
202.72,1862312
202.72,1848982
202.73,1829337
212.18,1828884
212.18,1819944
212.21,1814735
291.94,1807738
291.96,1804273
291.97,1794758
291.98,1793297
490.6,1793096
490.61,1789772
513.83,1787914
551.15,1787466
554.94,1783382
594.5,1776833
594.51,1776393
594.52,1772514
594.53,1771119
594.55,1770473
594.55,1752818
594.55,1748070
