0.0,7761090
0.0,7416483
0.0,7343130
0.0,7281145
0.0,7179460
0.0,6960574
0.0,6943878
0.0,6910828
0.0,6904585
0.0,6836412
0.0,6804586
0.0,6796422
0.0,6699182
0.0,6564815
0.01,6561172
0.01,6557276
0.01,6518472
0.01,6507247
0.01,6473521
0.01,6454939
0.01,6422592
0.01,6388793
0.01,6066999
0.01,6036649
0.01,6033239
0.01,5964221
0.01,5952359
0.01,5915519
0.01,5859400
0.01,5745658
0.01,5722269
0.01,5615796
0.01,5612166
0.01,5602285
0.01,5551510
0.02,5454456
0.02,5434996
0.02,5402567
0.02,5380456
0.02,5346501
0.02,5339698
0.02,5339099
0.02,5334721
0.02,5294921
0.02,5284179
0.02,5232969
0.02,5146247
0.02,5033896
0.02,5019791
0.03,4604578
0.03,4580586
0.03,4561017
0.03,4445322
0.03,4439262
0.03,4427571
0.03,4382817
0.03,4370796
0.04,4329374
0.04,4322725
0.04,4319492
0.04,4196868
0.04,4160961
0.04,4159357
0.04,4127642
0.04,4083444
0.04,4068432
0.04,4033960
0.04,3977879
0.05,3944656
0.05,3923278
0.05,3922907
0.05,3902619
0.05,3899061
0.05,3898608
0.05,3898513
0.05,3861524
0.05,3828489
0.05,3803112
0.06,3801152
0.06,3797297
0.06,3785286
0.06,3761217
0.06,3759607
0.06,3743613
0.06,3714665
0.07,3689998
0.07,3680380
0.07,3677231
0.07,3653331
0.08,3648980
0.08,3637249
0.08,3633341
0.08,3617787
0.09,3590818
0.09,3584117
0.09,3574822
0.09,3572381
0.09,3505598
0.09,3457304
0.1,3434258
0.1,3418475
0.1,3416737
0.1,3279923
0.1,3275024
0.11,3245245
0.11,3244843
0.12,3238351
0.13,3236017
0.13,3228090
0.13,3219267
0.13,3163597
0.13,3136646
0.14,3109097
0.14,3107054
0.14,3106402
0.14,3064723
0.14,3040719
0.15,3027356
0.15,3010615
0.15,3008511
0.15,2996566
0.15,2981538
0.15,2981383
0.16,2956096
0.16,2955634
0.16,2949317
0.16,2941229
0.19,2933304
0.2,2927289
0.2,2917377
0.21,2911164
0.21,2894680
0.22,2877226
0.22,2857232
0.22,2848578
0.22,2844891
0.22,2777071
0.22,2769525
0.22,2768796
0.23,2767377
0.25,2750497
0.25,2724944
0.25,2722160
0.25,2694257
0.25,2675186
0.39,2668369
0.4,2660515
0.41,2641092
0.43,2636171
0.43,2633796
0.45,2633291
0.45,2619203
0.45,2597998
0.45,2589312
0.45,2580628
0.46,2570335
0.46,2514101
0.47,2513356
0.48,2511323
0.48,2468035
0.48,2467390
1.07,2462722
1.08,2459350
1.08,2455708
1.09,2455113
1.09,2453889
1.1,2432237
1.1,2424390
1.1,2423262
1.11,2404603
1.12,2387192
1.82,2372670
1.83,2370676
1.83,2357345
1.84,2340412
1.85,2338535
1.86,2333219
1.87,2324329
3.03,2314912
3.04,2313936
3.04,2308611
3.04,2305444
3.04,2301419
3.05,2297486
3.06,2293044
3.06,2252319
3.07,2248878
3.08,2247800
3.5,2222569
3.5,2218470
3.51,2205790
3.51,2196106
3.51,2187636
3.54,2176326
3.56,2161321
3.56,2160795
3.57,2155532
3.61,2153326
3.61,2152875
3.62,2151862
5.76,2147951
5.77,2136279
5.77,2134910
6.55,2127830
6.59,2118278
6.6,2114779
6.64,2112684
6.64,2108404
6.66,2101373
6.66,2095049
6.66,2090289
6.67,2089751
9.39,2085524
9.41,2085338
9.42,2077650
9.43,2071973
9.44,2062636
9.44,2062622
9.45,2054430
18.26,2038829
18.26,2036275
18.44,2019284
18.44,2017975
18.44,1989763
18.85,1984768
18.85,1981841
18.85,1978559
18.86,1973274
18.86,1972215
21.58,1946206
21.58,1944816
36.07,1925570
50.04,1923431
50.04,1910361
50.06,1906752
56.4,1897503
56.41,1865216
56.41,1861498
126.31,1859204
157.84,1857848
157.84,1857626
157.86,1857066
169.31,1844825
169.36,1842776
193.85,1841249
193.85,1816704
193.85,1816104
232.54,1801594
287.45,1801323
287.45,1801192
287.47,1783369
287.49,1775011
287.49,1774896
334.62,1772834
344.92,1766349
344.92,1761764
344.94,1757019
344.97,1749276
344.99,1748661
344.99,1745538
345.0,1743876
531.21,1724293
531.22,1709486
531.63,1704110
533.0,1681713
533.02,1675025
