4.17,2024345
8.27,1813838
12.26,1729383
16.39,1729383
21.02,1729383
25.41,1694606
29.39,1694606
33.52,1694606
40.73,1629425
46.97,1629425
52.42,1629425
57.86,1629425
62.72,1597351
68.35,1597351
74.02,1597351
79.4,1562478
85.19,1562478
90.89,1562478
97.18,1562478
102.96,1562478
108.43,1562478
114.97,1562478
123.24,1562478
131.62,1562478
139.75,1562478
148.29,1562478
156.65,1562478
165.19,1562478
173.28,1562478
182.58,1562478
190.18,1562478
198.61,1562478
206.94,1562478
215.51,1562478
223.32,1562478
233.14,1562478
241.03,1562478
250.38,1562478
258.48,1562478
267.14,1562478
280.11,1562478
291.63,1562478
304.22,1562478
316.08,1562478
328.7,1562478
343.29,1562478
356.12,1562478
368.53,1562478
379.89,1562478
391.83,1562478
403.01,1562478
414.36,1562478
426.24,1562478
437.68,1562478
449.32,1562478
460.94,1562478
472.93,1562478
484.25,1562478
495.53,1562478
507.22,1562478
518.89,1562478
530.28,1562478
547.79,1562478
565.11,1562478
582.47,1562478
599.92,1562478
