0.0,4083699
0.0,4005713
0.0,3770439
0.0,3665460
0.0,3515148
0.0,3508302
0.0,3486171
0.0,3480166
0.0,3469784
0.0,3431845
0.01,3397743
0.01,3110407
0.01,3092883
0.01,3087279
0.01,3086222
0.01,3032071
0.01,2953341
0.01,2934249
0.01,2831153
0.01,2830647
0.01,2751509
0.01,2734899
0.01,2733673
0.02,2732436
0.02,2726722
0.02,2568540
0.02,2563946
0.02,2377027
0.03,2359210
0.03,2344122
0.03,2290242
0.03,2232387
0.03,2204083
0.03,2180220
0.04,2171549
0.04,2170172
0.04,2143618
0.04,1987821
0.04,1967487
0.04,1939417
0.04,1937867
0.04,1915131
0.04,1909986
0.05,1903543
0.05,1901400
0.05,1900674
0.05,1898588
0.05,1873227
0.05,1867872
0.05,1853302
0.05,1844906
0.05,1844654
0.05,1838538
0.05,1775345
0.05,1769997
0.05,1768377
0.06,1763760
0.06,1743102
0.07,1737988
0.45,1732612
0.45,1731411
0.45,1731021
0.81,1727599
0.82,1720655
0.82,1718085
0.83,1712148
0.84,1696660
0.84,1694425
1.88,1665379
1.89,1663803
1.89,1657340
1.89,1651078
2.21,1643328
2.24,1641385
2.24,1633968
2.24,1622352
2.24,1616110
2.26,1610493
2.67,1592414
2.67,1591689
2.67,1591470
2.97,1584486
4.0,1579455
4.01,1576256
4.38,1558994
8.24,1558153
25.17,1552567
25.17,1546836
25.18,1533606
25.18,1526649
25.18,1522617
25.18,1520016
25.18,1509511
25.18,1509356
27.92,1503606
27.93,1501306
27.94,1490027
27.95,1487407
27.95,1480304
27.96,1477795
27.96,1476059
27.96,1471196
27.96,1468024
27.96,1462648
27.97,1461522
28.25,1459847
28.97,1456060
28.97,1455674
28.97,1455054
28.97,1454850
28.98,1445018
28.99,1441100
29.02,1425523
65.66,1418674
123.43,1418000
123.43,1410812
127.13,1409501
263.69,1409072
263.69,1407180
263.7,1403088
415.6,1399405
415.6,1398281
415.6,1395981
