3.93,1966970
7.23,1778240
10.66,1778240
14.7,1777722
18.52,1740252
22.43,1706433
26.13,1706433
30.13,1628657
33.87,1622203
37.43,1622203
40.5,1622203
45.84,1622203
51.27,1622203
56.06,1585861
61.43,1585861
66.78,1585861
71.64,1585861
76.9,1585861
82.26,1585861
87.39,1585861
92.68,1585861
98.04,1585861
103.23,1585861
108.3,1585861
113.69,1585861
118.99,1585861
126.45,1585861
134.44,1585861
141.8,1553794
149.62,1553794
157.0,1553794
164.79,1553794
172.08,1553794
180.03,1553794
187.59,1553794
196.98,1553794
206.01,1553794
215.56,1553794
224.72,1553794
232.38,1553794
240.25,1553794
247.59,1553794
255.25,1553794
263.06,1553794
270.4,1553794
278.19,1553794
289.78,1553794
302.61,1553794
315.06,1549436
328.08,1549436
341.26,1549436
354.08,1549436
367.68,1549436
380.33,1549436
392.53,1549436
406.68,1549436
418.57,1549436
431.58,1549436
444.23,1549436
457.24,1549436
469.36,1549436
482.29,1549436
494.55,1485191
507.0,1485191
519.63,1485191
532.84,1485191
546.94,1485191
562.64,1485191
575.5,1485191
588.46,1485191
