0.0,4285246
0.0,4276100
0.0,4100975
0.0,3941644
0.0,3597513
0.0,3582588
0.0,3536378
0.0,3496729
0.0,3485720
0.0,3438305
0.0,3354797
0.0,3057091
0.0,3042687
0.0,3042019
0.01,3039469
0.01,2985466
0.01,2940347
0.01,2869139
0.01,2860748
0.01,2842756
0.01,2835556
0.01,2811674
0.01,2802045
0.01,2783130
0.02,2610523
0.02,2603823
0.02,2603602
0.02,2593461
0.02,2591627
0.02,2546726
0.02,2539560
0.02,2519215
0.02,2510536
0.02,2475251
0.03,2464833
0.03,2452834
0.03,2442498
0.03,2425928
0.04,2422964
0.04,2396894
0.04,2375981
0.04,2374959
0.04,2374360
0.04,1998127
0.05,1968757
0.05,1961228
0.06,1957587
0.06,1952682
0.07,1950793
0.07,1950190
0.08,1938377
0.08,1931558
0.09,1926565
0.09,1911571
0.11,1904057
0.11,1884155
0.12,1875115
0.14,1819975
0.14,1814277
0.17,1789155
0.17,1788782
0.17,1778528
0.18,1775595
0.18,1770262
0.18,1764909
0.18,1748494
0.18,1746929
0.39,1743967
0.39,1738930
0.4,1737610
0.4,1733994
0.4,1730361
0.4,1719450
0.42,1716228
0.42,1711858
0.68,1709259
1.09,1669123
1.09,1663570
1.1,1661829
1.1,1654512
1.1,1651561
1.11,1640318
1.12,1634829
1.12,1601174
1.12,1593682
1.12,1592254
1.14,1568806
1.17,1559538
1.17,1538257
1.17,1535917
1.17,1524037
1.17,1513818
1.19,1507925
2.14,1504031
2.15,1494486
2.15,1490928
2.16,1489663
2.16,1486512
3.44,1478205
3.44,1476662
11.94,1472279
25.46,1455446
38.8,1451361
89.21,1448353
97.26,1444492
97.26,1431037
101.78,1429665
101.78,1422925
122.17,1421145
122.17,1418845
141.68,1414601
196.21,1414348
196.23,1412001
196.23,1411846
308.76,1411022
340.34,1407813
340.34,1403443
491.28,1403178
570.6,1403064
