0.0,7188342
0.0,7179204
0.0,7166355
0.0,7149997
0.0,7138163
0.01,7107048
0.01,6942052
0.01,6928327
0.01,6905495
0.01,6859866
0.01,6821875
0.01,6805551
0.01,6800455
0.01,6785868
0.01,6723772
0.01,6715198
0.02,6698395
0.02,6685577
0.02,6669011
0.02,6649183
0.02,6602185
0.02,6554788
0.02,6529225
0.02,6460441
0.02,6426550
0.02,6416357
0.03,6405745
0.03,6404417
0.03,6380351
0.03,6344745
0.03,6274015
0.03,6273531
0.03,6201805
0.03,6200161
0.04,6179207
0.04,6158657
0.05,6048296
0.05,5966480
0.05,5962193
0.05,5939228
0.05,5938613
0.05,5937849
0.05,5931401
0.05,5922083
0.05,5904603
0.05,5793531
0.06,5789430
0.06,5778373
0.06,5776889
0.06,5721780
0.06,5719591
0.06,5702675
0.06,5654763
0.06,5606345
0.06,5604693
0.06,5595699
0.07,5579267
0.07,5535460
0.07,5521616
0.07,5521464
0.07,5509505
0.07,5509458
0.08,5507976
0.08,5472067
0.08,5447545
0.08,5437139
0.08,5436643
0.09,5428864
0.09,5406355
0.09,5383792
0.09,5339609
0.1,5313842
0.1,5268882
0.11,5267724
0.11,5264572
0.11,5258678
0.11,5249318
0.11,5247387
0.11,5247040
0.11,5232229
0.11,5231574
0.11,5228699
0.11,5224684
0.11,5223505
0.12,5172504
0.12,5132444
0.12,5122250
0.12,5109634
0.13,5104745
0.13,5093036
0.14,5091955
0.14,5075125
0.14,5071017
0.14,5057346
0.15,5001752
0.15,4994977
0.15,4994253
0.16,4973956
0.16,4964715
0.16,4963916
0.16,4947244
0.16,4929138
0.16,4919728
0.16,4909094
0.16,4905560
0.17,4903721
0.17,4879730
0.17,4873014
0.17,4872830
0.17,4852367
0.17,4848918
0.18,4802983
0.18,4581608
0.18,4575354
0.24,4549251
0.24,4546422
0.24,4543699
0.24,4524021
0.25,4522743
0.25,4517236
0.25,4510569
0.25,4507610
0.25,4502503
0.26,4469787
0.26,4468983
0.26,4465201
0.26,4464075
0.26,4462523
0.27,4453231
0.27,4451839
0.27,4448849
0.27,4445972
0.27,4434952
0.27,4432860
0.27,4430084
0.27,4421259
0.27,4416652
0.27,4413679
0.28,4373654
0.28,4368093
0.28,4367488
0.29,4283440
0.29,4269084
0.3,4268996
0.3,4263187
0.3,4262916
0.3,4262374
0.3,4258066
0.3,4257298
0.3,4246014
0.3,4212075
0.3,4205554
0.31,4170157
0.31,4161395
0.31,4161001
0.31,4153617
0.31,4121788
0.32,4117079
0.32,4114757
0.32,4114527
0.32,4100971
0.33,4100339
0.33,4093144
0.33,4090819
0.33,4086427
0.34,4072673
0.35,4070207
0.35,4066583
0.35,4063691
0.35,4058697
0.35,4049351
0.35,4033222
0.36,4030685
0.36,4021499
0.36,4010242
0.36,4004317
0.36,3994872
0.36,3982050
0.36,3980194
0.37,3974617
0.37,3972072
0.37,3972012
0.37,3967636
0.38,3959581
0.38,3955446
0.39,3953590
0.39,3951186
0.39,3943521
0.39,3943306
0.42,3877388
0.42,3875399
0.43,3874527
0.43,3870599
0.43,3864385
0.43,3847922
0.43,3842979
0.44,3838845
0.44,3837980
0.44,3837680
0.45,3833386
0.45,3832811
0.45,3831628
0.46,3829836
0.46,3828945
0.48,3816111
0.48,3811331
0.49,3797649
0.49,3790061
0.49,3783121
0.49,3780403
0.49,3778265
0.54,3773008
0.54,3769189
0.54,3768485
0.56,3746103
0.56,3737077
0.56,3729018
0.57,3726140
0.58,3724055
0.58,3722708
0.58,3717785
0.58,3702629
0.58,3699639
0.71,3691317
0.83,3690336
0.83,3687843
0.83,3680791
0.84,3669908
0.84,3665928
0.85,3644664
0.85,3640260
0.85,3638944
0.87,3617261
0.87,3596041
0.87,3592856
0.87,3589337
0.88,3585654
0.88,3574284
0.88,3557347
0.88,3556440
0.88,3552548
1.65,3549793
1.65,3541212
1.82,3529416
1.83,3529201
1.83,3511922
1.83,3510468
1.84,3509668
1.84,3507997
1.84,3494487
1.86,3494283
1.86,3488549
1.86,3474920
1.93,3448019
1.93,3447090
1.93,3446244
2.01,3438527
2.01,3433632
2.05,3432673
2.05,3430196
2.05,3429709
2.05,3428253
2.07,3388833
2.07,3387020
2.07,3381149
2.07,3380643
2.09,3378894
2.09,3369137
2.09,3357066
2.09,3356134
2.2,3354790
2.22,3351374
2.22,3321313
2.23,3313784
2.25,3305819
2.25,3299923
2.32,3295895
2.35,3292002
2.35,3289699
2.35,3289566
2.35,3285960
2.35,3280010
2.37,3279932
2.37,3277571
2.37,3267061
2.41,3249245
2.42,3206390
2.42,3136584
2.57,3129860
2.57,3110800
2.57,3095203
2.57,3092908
2.57,3088693
2.58,3085257
2.6,3081487
2.6,3079448
2.6,3070829
2.61,3069208
2.62,3047038
2.62,3026671
2.62,3013114
2.63,3011940
2.63,2958598
2.64,2943119
2.64,2943016
2.64,2906767
2.71,2896806
2.71,2889965
2.71,2882922
2.72,2871068
2.72,2868729
2.84,2866690
2.84,2863469
2.84,2855314
5.68,2845802
5.68,2833189
5.68,2815031
5.68,2808689
5.71,2799838
5.73,2794605
5.73,2793173
5.73,2791279
5.73,2779025
5.73,2762015
5.74,2758258
5.74,2737798
5.75,2736488
5.75,2727301
5.75,2724075
5.75,2724041
5.75,2720204
5.76,2719206
5.76,2712827
5.76,2703304
5.77,2696270
5.77,2678659
5.77,2674517
11.27,2667923
11.28,2655706
11.51,2622942
11.52,2603962
11.52,2597525
11.6,2594465
11.6,2590152
11.6,2584048
11.6,2574708
11.61,2572014
11.61,2571338
11.61,2569610
11.61,2564932
11.61,2562972
11.61,2531924
11.62,2528592
11.62,2522527
11.62,2502104
11.63,2500044
30.93,2474790
30.95,2467281
30.96,2462764
30.96,2450887
30.96,2442103
30.97,2441319
30.98,2430981
30.98,2417631
31.0,2415928
31.01,2415803
31.08,2409574
31.08,2408253
31.08,2361197
31.08,2357160
31.08,2355568
126.03,2354778
126.03,2354439
126.03,2348729
126.03,2338793
135.12,2329894
135.12,2327846
135.22,2324529
135.24,2323656
135.27,2313997
135.27,2312016
135.27,2307479
135.33,2305868
135.33,2305804
135.34,2301281
135.35,2297659
135.35,2297171
135.36,2296618
135.36,2296523
135.36,2291412
144.97,2287343
144.97,2285936
146.87,2265755
146.9,2254163
146.93,2249708
146.94,2249257
146.95,2245065
146.95,2241043
146.96,2239361
233.04,2235220
233.05,2233195
233.05,2226804
233.07,2223520
326.77,2218759
326.77,2218563
326.77,2208948
348.38,2197997
348.38,2182012
348.39,2178797
348.39,2178134
348.39,2175831
348.4,2175547
353.46,2174349
353.47,2156113
353.47,2150972
353.57,2149978
353.57,2148423
353.57,2146537
353.57,2137201
353.68,2128169
353.7,2117410
353.71,2115063
551.11,2111722
551.12,2110655
556.76,2103732
556.76,2083139
556.83,2074586
556.83,2070476
556.83,2059291
556.84,2051935
556.84,2042205
556.88,2041555
556.88,2030392
556.88,2029591
556.89,2027203
556.89,2023104
556.89,2020402
556.91,2016761
556.91,2013526
556.92,2002057
595.96,1985862
