0.0,6956698
0.0,6953658
0.0,6917745
0.0,6909337
0.0,6889553
0.01,6887383
0.01,6868142
0.01,6867903
0.01,6867011
0.01,6858386
0.01,6857227
0.01,6847477
0.01,6845397
0.02,6824991
0.02,6800139
0.02,6796375
0.02,6795816
0.02,6640335
0.02,6640052
0.02,6634588
0.02,6618550
0.02,6554878
0.02,6510374
0.02,6489904
0.02,6489056
0.03,6463959
0.03,6462736
0.03,6460401
0.03,6399411
0.03,6386664
0.03,6382271
0.03,6375866
0.03,6330165
0.03,6306352
0.04,6300271
0.04,6244126
0.04,6209262
0.04,6208243
0.04,6202105
0.04,6192579
0.04,6187837
0.04,6169526
0.04,6166480
0.04,6165034
0.04,6104171
0.05,6089932
0.05,6061860
0.05,6061696
0.06,6052086
0.06,6020175
0.06,6011003
0.06,6006046
0.06,5992553
0.06,5986362
0.06,5986009
0.07,5896988
0.07,5896902
0.07,5886677
0.07,5826349
0.07,5820452
0.07,5751956
0.08,5745103
0.08,5740595
0.08,5729781
0.08,5727589
0.08,5716622
0.08,5714830
0.08,5708103
0.08,5684361
0.08,5671029
0.09,5670571
0.09,5654846
0.09,5652032
0.09,5637102
0.09,5632827
0.09,5629396
0.09,5583029
0.09,5555282
0.09,5549391
0.09,5545360
0.09,5537566
0.1,5505454
0.1,5494645
0.1,5493742
0.1,5481881
0.1,5476937
0.1,5448737
0.13,5428242
0.13,5415124
0.13,5414418
0.13,5412443
0.13,5406881
0.13,5402522
0.14,5375158
0.14,5373747
0.14,5368073
0.14,5364052
0.14,5360621
0.14,5359466
0.14,5343746
0.14,5343475
0.15,5327578
0.15,5304831
0.17,5304233
0.17,5300603
0.18,5296767
0.18,5279473
0.18,5268371
0.19,5201955
0.19,5201597
0.19,5169959
0.2,5162937
0.2,5146899
0.2,5146827
0.2,5140867
0.21,5131923
0.21,5123418
0.21,5120325
0.21,5113542
0.21,5037146
0.22,5037010
0.22,5030699
0.22,5027813
0.22,5025964
0.22,5005170
0.22,5005141
0.23,4990786
0.24,4989584
0.24,4986468
0.24,4985259
0.24,4978330
0.25,4976786
0.25,4969398
0.25,4968448
0.25,4961522
0.25,4957745
0.25,4955733
0.26,4941222
0.28,4940250
0.28,4925756
0.28,4925629
0.29,4925046
0.29,4916650
0.29,4914313
0.29,4911156
0.29,4909479
0.3,4909346
0.3,4899046
0.31,4894178
0.31,4890015
0.31,4887587
0.33,4881629
0.33,4854697
0.37,4854392
0.37,4853226
0.37,4839445
0.38,4756262
0.38,4749155
0.38,4745866
0.38,4741934
0.38,4740485
0.38,4740356
0.39,4691600
0.4,4682192
0.42,4669473
0.42,4657634
0.42,4654970
0.42,4641193
0.42,4537545
0.43,4517460
0.43,4515865
0.43,4508554
0.43,4490965
0.43,4484272
0.44,4478604
0.44,4474694
0.44,4452629
0.48,4421628
0.51,4397001
0.51,4396080
0.51,4327149
0.51,4296402
0.51,4287873
0.51,4281564
0.51,4275747
0.52,4266322
0.52,4241320
0.53,4240355
0.53,4227343
0.53,4225572
0.53,4220748
0.58,4220500
0.59,4215792
0.59,4214012
0.59,4210004
0.59,4197289
0.59,4190405
0.6,4187795
0.6,4155917
0.61,4146144
0.62,4122513
0.63,4100104
0.63,4079945
0.64,4075832
0.64,4056980
0.64,4056064
0.64,4030512
0.64,4028386
0.64,4026834
0.64,4016873
0.64,4016395
0.65,4002753
0.65,3988653
0.7,3985552
0.7,3982705
0.7,3982224
0.71,3977456
0.71,3976845
0.71,3966704
0.72,3950624
0.72,3949584
0.72,3949215
0.73,3944996
0.73,3938332
0.73,3937050
0.73,3927401
0.73,3896171
0.76,3896157
0.76,3888439
0.77,3885599
0.77,3882745
0.78,3881450
0.78,3880085
0.78,3878402
0.78,3873735
0.79,3867216
0.79,3865573
0.8,3865210
0.8,3856621
0.81,3844682
0.82,3831773
0.82,3814198
0.82,3812217
0.83,3802373
0.84,3800369
0.84,3796173
0.85,3784383
0.89,3774322
0.89,3768099
0.95,3765456
0.95,3755813
0.95,3751176
0.95,3746340
0.96,3738290
0.96,3723537
0.96,3714436
0.96,3709425
1.0,3706898
1.0,3691076
1.0,3685035
1.0,3675979
1.25,3618108
1.25,3584451
1.26,3584053
1.26,3578979
1.26,3578544
1.27,3576957
1.27,3562152
1.27,3555746
1.27,3536857
1.27,3515600
1.29,3506331
1.31,3449006
1.32,3442104
1.32,3432238
1.32,3431694
1.33,3430585
1.33,3424700
1.33,3414245
1.33,3413594
1.37,3395302
1.38,3373985
1.38,3370518
1.38,3367879
1.38,3366133
1.38,3353266
1.38,3325116
1.38,3296402
1.39,3296152
1.39,3288412
3.0,3275999
3.01,3259066
3.01,3257843
3.01,3245080
3.01,3244986
3.01,3241101
3.02,3239055
3.03,3232388
3.04,3208876
3.04,3206456
3.04,3189151
3.4,3173099
3.4,3169205
3.41,3168339
3.42,3163492
3.43,3163063
3.43,3162148
3.43,3158491
3.43,3150560
3.43,3148888
3.43,3146730
3.43,3145083
3.43,3142637
3.44,3140202
3.44,3139648
3.84,3124985
3.85,3103235
3.85,3095936
3.86,3090014
3.86,3086991
3.89,3074143
3.9,3064112
3.91,3056965
3.91,3052129
3.91,3050030
3.92,2995618
3.92,2992040
3.97,2990182
3.99,2981447
3.99,2981243
3.99,2973908
4.0,2966915
4.0,2951812
4.0,2946082
4.0,2934193
4.01,2928952
4.01,2927147
4.01,2920341
6.75,2914431
6.76,2911641
6.76,2906249
6.77,2884776
6.77,2880215
6.85,2879353
7.31,2878647
7.33,2872262
7.34,2863187
7.34,2861246
7.34,2861204
7.34,2856118
7.34,2854834
7.34,2854833
7.34,2849772
7.34,2845246
7.35,2844826
7.35,2840127
7.35,2832753
7.36,2832088
7.36,2831946
7.36,2816673
7.36,2790320
7.36,2785752
7.37,2783986
7.37,2773822
7.37,2771532
7.37,2767909
7.38,2747383
7.41,2702532
8.88,2699498
8.88,2683711
8.89,2682850
8.89,2680855
8.9,2678639
8.9,2667092
8.9,2665791
8.9,2647802
8.91,2639669
8.91,2625098
8.91,2618504
8.91,2617705
8.92,2592456
8.92,2585105
8.93,2577954
8.93,2575143
8.99,2574271
8.99,2573320
8.99,2572969
9.0,2572366
9.31,2568775
9.32,2563453
15.03,2558873
15.04,2543362
15.04,2536325
15.04,2527085
15.04,2524227
15.05,2523444
15.05,2521307
15.05,2512589
15.05,2508438
15.1,2498077
15.11,2483740
15.12,2481690
15.12,2479275
15.12,2470027
15.16,2466292
15.17,2462379
15.17,2456635
15.17,2451766
15.17,2451445
15.2,2451226
75.61,2448191
75.61,2445126
75.61,2440236
84.88,2435652
84.88,2430247
84.88,2412384
84.88,2408690
84.88,2403330
84.88,2383766
84.89,2376239
84.89,2374580
84.9,2347562
84.9,2336633
84.9,2335487
202.58,2331747
202.61,2322613
205.17,2313495
205.18,2311497
205.18,2307297
205.18,2300917
205.18,2297540
205.18,2295635
205.18,2294639
205.18,2290693
205.18,2284604
205.19,2280341
205.19,2263863
205.22,2262298
205.22,2260331
205.22,2259446
205.22,2258474
205.22,2256519
205.22,2252362
205.22,2252335
205.22,2250127
205.35,2234717
218.72,2234205
218.73,2232250
325.77,2223148
325.78,2221197
325.89,2215579
325.89,2215130
325.91,2210637
325.91,2199378
325.92,2198763
325.92,2189700
325.92,2183802
325.92,2177474
325.92,2176843
325.92,2174191
325.93,2172602
366.7,2167666
366.7,2164040
366.7,2163357
366.71,2160014
366.71,2148494
450.46,2146483
450.46,2144326
450.46,2118804
450.47,2118368
450.47,2114774
450.47,2114224
450.47,2100661
450.53,2090525
450.54,2084069
450.99,2081781
451.0,2058016
451.0,2050797
451.0,2050519
451.0,2047341
451.02,2030689
451.02,2029624
451.02,2026221
451.02,2018154
451.02,2013696
451.03,2000577
451.05,1995781
451.05,1994900
451.05,1982474
