0.0,5572228
0.0,5354896
0.0,5340367
0.0,5268976
0.0,5235734
0.0,5216447
0.0,5214673
0.0,5135238
0.01,5094566
0.01,5094349
0.01,5056301
0.01,4935439
0.01,4898995
0.01,4878919
0.01,4856673
0.01,4818563
0.01,4815782
0.01,4702166
0.01,4626071
0.01,4309131
0.01,4290576
0.01,4265183
0.01,4257163
0.01,4202296
0.01,4195786
0.01,4183690
0.02,4131818
0.02,4125966
0.02,4123393
0.02,4123023
0.02,4098917
0.03,4073639
0.03,4070149
0.03,4058592
0.03,4049974
0.03,4030431
0.03,4005892
0.04,3988619
0.04,3983344
0.04,3977727
0.04,3971338
0.04,3964617
0.04,3908764
0.04,3857798
0.04,3830453
0.04,3827061
0.04,3820491
0.04,3816751
0.04,3740095
0.04,3735780
0.05,3707273
0.05,3701070
0.05,3689298
0.05,3689034
0.05,3681212
0.05,3672470
0.06,3661781
0.06,3657115
0.06,3654134
0.06,3653232
0.06,3648655
0.06,3639886
0.06,3621408
0.06,3599773
0.06,3567794
0.06,3554052
0.06,3461034
0.06,3390741
0.06,3363375
0.06,3361481
0.07,3301266
0.07,3296095
0.07,3294471
0.07,3290984
0.07,3282898
0.07,3274831
0.07,3251809
0.07,3235804
0.07,3207726
0.08,3191474
0.08,3173350
0.08,3165760
0.08,3162543
0.08,3158344
0.08,3131465
0.08,3126858
0.08,3124066
0.08,3082573
0.09,3070880
0.09,3060190
0.09,3047683
0.09,3027196
0.09,3004893
0.11,2908438
0.11,2894991
0.11,2888834
0.11,2888109
0.11,2856859
0.12,2840000
0.12,2818251
0.12,2810660
0.12,2810284
0.13,2788248
0.13,2763879
0.14,2752008
0.14,2748993
0.15,2699179
0.15,2694160
0.15,2690851
0.15,2591851
0.16,2585649
0.17,2581035
0.17,2559488
0.17,2534571
0.17,2524956
0.17,2500083
0.17,2494545
0.19,2489580
0.19,2471776
0.19,2465977
0.2,2459086
0.2,2457981
0.26,2430566
0.26,2403757
0.31,2385346
0.32,2382787
0.32,2376202
0.32,2362725
0.35,2360123
0.36,2349770
0.36,2334022
0.36,2320830
0.36,2315234
0.39,2312473
0.4,2306647
0.41,2295390
0.41,2289775
0.41,2272807
0.41,2260619
0.48,2244389
0.49,2240821
0.49,2239711
0.49,2230768
0.49,2229569
0.51,2227265
0.52,2194205
0.52,2185455
0.55,2185229
0.56,2184843
0.56,2184406
0.6,2163810
0.6,2156120
0.72,2126592
0.73,2125456
0.73,2097379
1.05,2076503
1.05,2063888
1.07,2062328
1.12,2062235
1.13,2055407
1.14,2025198
1.15,1980624
1.15,1963019
1.16,1946036
1.16,1926754
2.49,1905787
2.49,1895021
2.49,1892662
2.5,1871354
2.82,1861316
2.82,1858750
2.82,1837490
2.82,1833063
2.83,1815301
2.84,1800015
2.84,1795696
2.87,1787058
2.87,1786792
2.88,1785462
2.89,1785395
2.92,1783016
2.92,1779020
2.92,1776557
2.92,1774813
2.92,1770028
2.92,1758139
2.93,1753454
2.93,1745229
2.94,1742839
2.94,1740962
3.14,1732462
3.15,1731441
7.4,1729768
7.4,1729334
7.4,1720340
50.87,1692503
50.87,1685705
50.87,1685670
50.88,1643676
50.88,1643179
50.88,1641697
50.89,1634797
51.04,1619913
54.34,1619163
54.34,1614696
54.34,1563901
54.34,1546544
54.35,1541362
54.35,1527450
106.03,1520361
106.04,1520308
106.05,1514945
106.05,1511486
106.05,1499084
106.08,1496309
106.09,1493835
106.09,1488010
106.1,1483153
129.48,1464377
129.48,1441220
135.74,1439946
135.74,1434249
135.75,1431570
136.02,1420332
136.03,1413598
136.03,1408476
136.04,1404197
136.05,1392887
136.05,1377498
136.05,1370005
136.05,1363735
146.23,1351460
146.96,1339062
146.96,1337341
236.33,1333393
236.33,1328230
236.35,1327423
236.38,1320958
302.12,1319789
359.98,1315715
498.55,1308014
498.57,1307073
499.58,1306925
499.58,1302964
499.58,1290139
501.95,1287563
502.19,1269730
502.2,1268245
502.68,1263190
513.88,1256378
529.01,1253131
529.02,1249510
529.02,1242675
529.62,1242640
532.64,1241211
533.19,1220282
569.83,1216860
