0.0,6127141
0.0,6119866
0.0,6108925
0.0,6074561
0.0,6065767
0.0,6047234
0.0,5911192
0.0,5867528
0.0,5844609
0.0,5822141
0.0,5812074
0.0,5805068
0.0,5788299
0.0,5620718
0.0,5611015
0.01,5529321
0.01,5489415
0.01,5370454
0.01,5364420
0.01,5329779
0.01,5285968
0.01,5254098
0.01,5206496
0.01,5177248
0.01,5098886
0.01,5088505
0.01,5080047
0.01,5045820
0.01,5032166
0.01,4989808
0.01,4910161
0.01,4904712
0.01,4871526
0.01,4839816
0.01,4835919
0.02,4833768
0.02,4830930
0.02,4794207
0.02,4776926
0.02,4694243
0.02,4660502
0.02,4652009
0.02,4621090
0.02,4440378
0.02,4394916
0.02,4388182
0.02,4365277
0.02,4364694
0.02,4354162
0.02,4352622
0.03,4329117
0.03,4311627
0.03,4304867
0.03,4301530
0.03,4263003
0.03,4249607
0.03,4242828
0.03,4226933
0.03,4144918
0.03,4056636
0.03,4055318
0.03,4018289
0.03,3963429
0.03,3906655
0.03,3870541
0.03,3850631
0.03,3814380
0.03,3787510
0.04,3731193
0.04,3683360
0.04,3618549
0.04,3610907
0.05,3591991
0.05,3574239
0.05,3542793
0.05,3541447
0.05,3510398
0.05,3486504
0.05,3469381
0.06,3379777
0.06,3347972
0.06,3282395
0.06,3281174
0.06,3279615
0.06,3243445
0.06,3201361
0.06,3187002
0.06,3139337
0.06,3130241
0.06,3120909
0.07,3098385
0.07,3068858
0.07,3047139
0.08,3036221
0.08,3031682
0.08,3020153
0.08,3000313
0.08,2993779
0.08,2946917
0.08,2946795
0.08,2922577
0.1,2913366
0.1,2903893
0.11,2874228
0.11,2866403
0.11,2863884
0.11,2858556
0.11,2852999
0.11,2842780
0.11,2841583
0.11,2836189
0.12,2835558
0.12,2827396
0.13,2811492
0.13,2806933
0.13,2797608
0.14,2785026
0.14,2783945
0.14,2782190
0.14,2780825
0.14,2741388
0.15,2734006
0.15,2729386
0.15,2721191
0.15,2717996
0.15,2713886
0.16,2707192
0.16,2695986
0.16,2692165
0.17,2656664
0.17,2646242
0.17,2608808
0.17,2606970
0.2,2586397
0.2,2582113
0.25,2580098
0.26,2566986
0.26,2566093
0.27,2552136
0.28,2538508
0.28,2536163
0.28,2490697
0.28,2481853
0.28,2476365
0.28,2462373
0.28,2452427
0.28,2450679
0.29,2432446
0.3,2431691
0.31,2427025
0.31,2422383
0.32,2409481
0.32,2384206
0.32,2377902
0.32,2375887
0.32,2350617
0.33,2347297
0.33,2343587
0.35,2343255
0.35,2337190
0.35,2323748
0.35,2321421
0.35,2318743
0.35,2315839
0.37,2301478
0.38,2301389
0.38,2300723
0.39,2258484
0.39,2243731
0.39,2234384
0.43,2212579
0.44,2202089
0.44,2199953
0.45,2189693
0.45,2187393
0.45,2178324
2.15,2140155
2.16,2139212
2.16,2135189
2.17,2134441
2.17,2130371
2.19,2117091
2.19,2115289
2.19,2115270
2.2,2110510
2.2,2095681
2.21,2094968
2.21,2076007
2.29,2075442
2.3,2067658
2.3,2067635
5.09,2058507
5.1,2053824
6.49,2048760
6.49,2041547
6.5,2015991
7.46,1992247
7.46,1988144
7.47,1988114
7.47,1979133
7.48,1976410
7.48,1972596
7.5,1968515
7.5,1956657
9.51,1950203
9.51,1938895
9.53,1909753
9.55,1888497
9.56,1883717
9.56,1879209
9.56,1873526
9.56,1865361
9.57,1860275
9.58,1858342
9.6,1855760
9.61,1854991
9.61,1844703
9.61,1821675
9.61,1811925
9.61,1792934
9.62,1772803
9.62,1765908
9.62,1763319
9.63,1754049
9.63,1750397
15.71,1744964
15.71,1732268
15.73,1731596
16.27,1729315
16.28,1721837
16.28,1718163
16.28,1711319
16.29,1709274
16.29,1707371
16.66,1687083
16.67,1676502
16.67,1675615
16.68,1645965
16.69,1640192
31.12,1638145
31.16,1631857
32.28,1629025
33.37,1605177
33.4,1595614
33.41,1578419
33.44,1578150
33.44,1575537
33.44,1575470
33.44,1573586
33.44,1557139
33.44,1556435
33.45,1555288
33.45,1540709
33.45,1539526
68.29,1526403
68.33,1523143
68.35,1510334
68.39,1505895
68.39,1490001
68.39,1469939
80.12,1469456
80.13,1466632
80.16,1463424
83.15,1447869
83.15,1443816
83.15,1440703
83.7,1429772
83.72,1427262
198.2,1422472
198.21,1412551
198.22,1408227
198.23,1401068
199.19,1387355
201.19,1386380
201.19,1370271
201.2,1361642
201.2,1359975
201.2,1359918
201.21,1355512
201.23,1330952
467.92,1329394
467.92,1318940
471.14,1307180
471.14,1302088
471.43,1297401
471.43,1290702
471.47,1286773
471.47,1283252
499.42,1274831
499.42,1273904
499.42,1272909
500.89,1255076
500.9,1244396
549.78,1243863
549.79,1240027
550.43,1239810
550.69,1239029
550.71,1235567
550.71,1234778
550.72,1229514
550.73,1223237
550.77,1223060
550.77,1222473
