0.0,10353550
0.0,10244570
0.0,10075032
0.0,9836263
0.0,9786625
0.0,9726081
0.0,9606283
0.0,9602035
0.0,9555355
0.0,9530595
0.0,9500012
0.0,9489962
0.01,9352821
0.01,9332872
0.01,9141212
0.01,8988630
0.01,8930357
0.01,8929357
0.01,8906415
0.01,8905443
0.01,8820175
0.01,8801652
0.01,8770878
0.01,8711559
0.01,8680530
0.01,8642889
0.01,8601950
0.01,8599643
0.01,8597331
0.01,8572498
0.01,8538201
0.01,8447404
0.02,8394589
0.02,8386793
0.02,8384220
0.02,8246016
0.02,8232881
0.02,8197836
0.02,8068630
0.02,8032775
0.02,7960156
0.02,7900441
0.02,7605121
0.02,7539811
0.03,7530881
0.03,7529165
0.03,7419492
0.03,7333786
0.03,7300955
0.03,7162082
0.03,7094986
0.03,6966722
0.03,6958616
0.03,6786142
0.03,6668897
0.04,6581655
0.04,6559621
0.04,6521527
0.04,6518483
0.04,6473700
0.04,6466234
0.04,6451539
0.04,6371390
0.04,6314752
0.04,6294760
0.05,6266685
0.05,6259732
0.05,6055153
0.05,6054487
0.05,6026181
0.05,6005280
0.05,6003940
0.05,5997086
0.05,5996055
0.05,5972133
0.05,5890240
0.05,5873153
0.06,5727691
0.06,5717384
0.06,5714656
0.06,5689212
0.06,5686614
0.06,5654089
0.07,5653098
0.07,5652761
0.07,5552215
0.07,5406306
0.07,5404751
0.08,5399979
0.08,5398036
0.08,5394344
0.08,5359575
0.09,5355717
0.09,5352216
0.09,5348049
0.09,5329050
0.09,5313412
0.09,5303453
0.09,5291918
0.09,5280726
0.09,5209992
0.09,5184805
0.09,5138510
0.1,5111983
0.1,5104656
0.1,5103225
0.1,5073175
0.1,4908354
0.1,4903554
0.11,4901602
0.11,4900703
0.11,4882656
0.12,4874977
0.12,4874302
0.13,4834362
0.13,4822738
0.14,4803283
0.14,4799183
0.15,4793619
0.15,4756692
0.15,4756437
0.15,4751061
0.16,4725299
0.16,4704981
0.16,4677209
0.16,4672255
0.16,4628463
0.16,4617083
0.16,4594182
0.17,4589250
0.17,4585404
0.17,4567617
0.17,4560750
0.18,4540153
0.18,4530018
0.19,4494175
0.19,4487863
0.19,4480795
0.19,4475310
0.2,4444821
0.2,4439368
0.2,4422958
0.21,4420223
0.21,4417191
0.21,4416023
0.21,4412330
0.21,4392239
0.22,4383454
0.22,4373472
0.22,4368646
0.23,4336779
0.23,4335137
0.23,4312292
0.23,4302693
0.24,4302428
0.25,4293977
0.25,4287148
0.25,4258747
0.25,4173074
0.26,4142289
0.26,4141029
0.26,4139119
0.26,4123002
0.27,4117235
0.27,4107539
0.27,4104007
0.27,4096645
0.27,4091455
0.28,4070093
0.28,4066298
0.28,4065925
0.28,4053113
0.29,4049295
0.29,4042900
0.29,4042297
0.31,4007872
0.31,3995678
0.31,3971220
0.32,3947015
0.33,3938345
0.33,3931687
0.34,3924892
0.34,3919409
0.34,3888600
0.36,3869047
0.36,3843355
0.36,3814809
0.37,3770352
0.37,3763163
0.37,3762997
0.37,3758838
0.37,3739679
0.38,3732107
0.38,3722531
0.38,3721451
0.39,3681610
0.39,3657731
0.4,3642915
0.4,3641731
0.4,3641427
0.4,3639280
0.4,3538488
0.42,3530356
0.43,3489186
0.43,3489099
0.43,3479287
0.44,3472760
0.44,3470304
0.63,3455821
0.63,3455533
0.63,3454599
0.65,3427044
0.65,3425860
0.65,3385364
0.7,3385020
0.7,3375901
0.73,3333994
0.73,3333647
0.73,3332476
0.74,3326277
0.74,3322834
0.76,3316669
0.77,3308698
0.79,3305217
0.79,3285432
0.82,3281051
0.82,3280091
0.83,3272893
0.84,3269329
0.84,3264954
0.85,3259943
0.87,3251891
0.9,3235083
0.9,3232212
0.91,3223593
0.91,3217352
0.93,3188677
0.96,3186947
0.97,3182004
0.97,3172232
0.97,3165288
1.02,3161318
1.02,3158711
1.02,3152698
1.04,3084701
1.04,3082987
1.04,3081457
1.07,3073574
1.07,3073077
1.07,3070509
1.09,3056354
1.09,3052079
1.09,3051422
1.09,3050450
1.09,3049268
1.1,3048571
1.1,3043069
1.1,3040812
1.1,3040734
1.11,3018047
1.11,3016989
1.12,3015214
1.12,3007304
1.12,2986615
1.12,2981058
1.14,2969700
1.15,2950623
1.16,2931594
1.22,2929640
1.22,2918979
1.24,2884990
1.24,2881131
1.24,2867608
1.24,2853879
1.25,2847315
1.25,2841022
1.25,2839197
1.26,2831675
1.26,2829631
1.31,2808487
1.38,2803890
1.38,2796661
1.39,2795119
1.39,2794991
1.4,2791626
1.42,2784771
1.5,2766549
1.5,2760363
1.5,2747880
1.5,2747597
1.51,2741161
2.07,2740150
2.12,2737527
2.13,2736046
2.15,2723028
2.19,2714796
2.19,2701744
2.19,2699732
2.24,2687128
2.24,2680065
2.24,2668972
2.25,2667609
2.25,2660507
2.26,2642360
2.26,2639402
2.27,2638822
2.27,2622767
2.27,2620831
2.27,2609595
2.28,2605279
2.28,2590091
2.31,2587413
2.31,2587345
2.32,2585517
2.32,2585109
2.32,2578684
2.32,2573128
2.33,2568451
2.34,2567906
2.35,2559691
2.37,2558204
2.37,2553444
2.37,2552626
2.38,2549217
2.39,2526434
2.39,2525932
2.39,2510591
2.39,2510294
2.4,2504678
2.41,2481886
4.86,2469326
4.86,2464432
4.86,2455019
7.34,2438652
7.34,2433157
11.29,2410495
12.49,2395517
12.49,2387101
12.5,2377354
12.5,2373429
12.52,2371933
12.52,2365050
12.52,2361008
13.27,2347766
15.15,2342499
15.16,2339044
15.16,2333008
15.16,2325269
15.17,2319992
15.17,2319951
15.28,2314317
15.28,2310518
15.29,2308269
15.29,2306851
15.29,2302518
15.3,2294941
15.3,2288134
15.3,2283458
15.3,2281059
16.13,2274324
16.29,2273320
16.29,2271062
16.29,2268671
16.29,2267287
16.29,2253555
16.3,2251964
16.33,2251757
16.34,2250653
16.34,2241493
16.35,2239997
16.35,2237957
16.36,2235934
49.11,2233743
57.73,2232097
57.73,2222580
57.74,2215620
57.75,2207013
57.75,2196240
57.75,2195782
57.76,2186795
57.76,2184238
58.1,2177656
58.11,2167120
58.11,2161808
58.73,2158544
58.73,2152188
63.13,2147968
63.13,2142443
63.13,2138697
63.13,2120531
63.15,2117289
63.18,2116712
63.18,2109958
63.19,2093545
63.19,2090303
63.19,2085314
89.18,2072898
89.18,2072324
89.22,2062682
89.22,2061629
89.22,2055883
89.24,2051919
89.24,2051652
89.24,2047966
89.27,2046786
89.32,2040997
89.32,2040173
89.32,2039889
100.21,2034219
100.21,2023027
100.22,2014795
100.22,2010095
100.23,2002484
100.23,1998266
131.59,1997571
131.61,1997318
131.61,1995942
131.61,1995432
131.62,1993344
131.62,1990966
131.62,1980781
131.66,1969359
145.99,1953685
146.0,1952349
146.0,1948339
146.01,1935609
152.92,1928262
152.92,1926041
153.19,1921037
153.19,1920796
153.19,1899449
153.19,1886097
153.21,1882424
153.23,1882205
153.23,1876123
153.23,1873181
153.24,1867903
153.24,1865315
153.24,1851802
153.25,1850120
153.25,1850077
153.25,1844201
153.85,1832431
153.86,1826219
153.86,1825890
182.3,1815796
182.31,1815293
182.32,1806450
182.32,1787124
182.32,1785753
182.36,1784788
182.36,1782411
182.36,1780201
182.37,1779087
182.37,1764934
182.38,1764214
182.38,1757902
182.39,1755754
182.39,1753488
257.46,1744109
257.46,1738004
257.46,1737867
257.46,1730161
257.47,1729494
258.08,1715679
258.08,1706363
258.09,1702602
258.09,1696140
258.1,1687275
258.11,1686987
258.11,1681360
261.39,1680947
262.0,1678817
262.0,1676769
262.0,1675615
262.0,1674356
262.0,1672596
262.02,1666271
262.03,1655730
262.03,1652469
262.04,1636976
262.04,1636723
556.3,1634315
556.3,1633535
556.3,1632416
556.3,1629437
556.3,1626671
556.69,1618968
556.73,1616387
556.73,1613164
556.75,1609989
556.75,1608743
556.75,1600921
556.76,1600117
556.77,1599812
556.79,1597943
556.8,1596256
556.82,1588094
