0.0,11230430
0.0,10987648
0.0,10915981
0.0,10907221
0.0,10896502
0.0,10699189
0.0,10599159
0.0,10578350
0.0,10573506
0.0,10235594
0.0,10158779
0.0,10132929
0.01,10089110
0.01,9877568
0.01,9393462
0.01,9288384
0.01,9238001
0.01,9217865
0.01,9198992
0.01,9012714
0.01,8824489
0.01,8816897
0.01,8767532
0.01,8624305
0.01,8609691
0.01,8544396
0.01,8497700
0.01,8475477
0.02,8421659
0.02,8356467
0.02,8261606
0.02,8260625
0.02,8251620
0.02,8235362
0.02,8206750
0.02,8201977
0.02,8153080
0.02,8062909
0.02,8037030
0.02,8009358
0.02,7996163
0.02,7940413
0.02,7923631
0.02,7878859
0.02,7742249
0.02,7742049
0.02,7650467
0.02,7554071
0.02,7522594
0.02,7373454
0.02,7248482
0.03,7215243
0.03,7103950
0.03,6955071
0.03,6865867
0.03,6846373
0.03,6846196
0.03,6661017
0.03,6650781
0.03,6567099
0.03,6546355
0.03,6544722
0.03,6393832
0.04,6393803
0.04,6373302
0.04,6371660
0.05,6253298
0.05,6253092
0.05,6252076
0.05,6239149
0.05,6216653
0.05,6170875
0.05,6167382
0.06,6127017
0.06,6119850
0.06,6115314
0.06,6082342
0.06,6073442
0.06,6055223
0.06,5988784
0.07,5926375
0.07,5803669
0.07,5793966
0.07,5668932
0.08,5650745
0.08,5637592
0.08,5630978
0.09,5614525
0.09,5612962
0.09,5605124
0.09,5562343
0.09,5561971
0.09,5558996
0.09,5558549
0.1,5553621
0.1,5553488
0.1,5546360
0.1,5517407
0.1,5507725
0.1,5441072
0.1,5366028
0.1,5364145
0.1,5359694
0.11,5333817
0.12,5329098
0.12,5327422
0.12,5323890
0.12,5321896
0.12,5298652
0.12,5289737
0.12,5266658
0.12,5253841
0.12,5215622
0.13,5187486
0.13,5157952
0.13,5157343
0.13,5147504
0.14,5127254
0.15,5124185
0.15,5118451
0.15,4933980
0.15,4915018
0.15,4914082
0.15,4907632
0.15,4905812
0.15,4900522
0.16,4874911
0.16,4862251
0.17,4859942
0.18,4858540
0.18,4800119
0.18,4762164
0.19,4731384
0.19,4729925
0.19,4721831
0.19,4639444
0.19,4639032
0.19,4629907
0.19,4624379
0.2,4615887
0.2,4521398
0.2,4516707
0.2,4460402
0.21,4454714
0.21,4446366
0.21,4445690
0.21,4437922
0.21,4435393
0.22,4435111
0.22,4417582
0.22,4413872
0.22,4412538
0.22,4411542
0.23,4410999
0.23,4409825
0.23,4404801
0.23,4403750
0.23,4398543
0.23,4333326
0.25,4301240
0.25,4290282
0.26,4280623
0.26,4274071
0.26,4258965
0.27,4244497
0.28,4238998
0.28,4237804
0.28,4215395
0.29,4214281
0.29,4175608
0.29,4133801
0.29,4118189
0.3,3889327
0.3,3888710
0.31,3796927
0.31,3746944
0.31,3746299
0.31,3744249
0.31,3744215
0.31,3738404
0.31,3727528
0.31,3724014
0.32,3674327
0.32,3670324
0.32,3643297
0.34,3626067
0.34,3601216
0.34,3594798
0.35,3554223
0.35,3553023
0.41,3550798
0.41,3537808
0.41,3535385
0.44,3532803
0.44,3501292
0.44,3447065
0.44,3440916
0.44,3438113
0.44,3437506
0.45,3431078
0.45,3418164
0.45,3417364
0.45,3408867
0.46,3408791
0.46,3395475
0.47,3395261
0.47,3385179
0.5,3382374
0.5,3357339
0.53,3350977
0.54,3329555
0.58,3317145
0.58,3310996
0.58,3308344
0.59,3297964
0.78,3275646
0.79,3273555
0.8,3264196
0.8,3258822
0.8,3255576
0.82,3250668
0.82,3213929
0.82,3208500
0.83,3206638
0.83,3197509
0.83,3177096
0.83,3176788
0.83,3165986
0.83,3164363
0.84,3150591
0.84,3143368
0.85,3135269
0.85,3133043
0.89,3132493
0.89,3110822
0.89,3100335
0.9,3100098
0.91,3093427
1.86,3040091
1.86,3014599
1.86,3006427
1.86,2997857
1.86,2997745
1.86,2996458
1.87,2967942
1.88,2966899
1.88,2962989
1.88,2960944
1.92,2960255
1.93,2940235
1.93,2939765
1.93,2936285
1.93,2927923
1.93,2919262
1.96,2911184
1.98,2902890
2.03,2869496
2.04,2852249
2.26,2846391
2.26,2842534
2.26,2836641
2.26,2835899
2.27,2835843
2.27,2834443
2.32,2833269
2.33,2808093
2.33,2807738
2.34,2799298
2.34,2797562
2.35,2772718
2.35,2763089
2.35,2762509
2.35,2759759
2.35,2750757
2.36,2747613
2.36,2730258
2.36,2725831
7.3,2725066
7.31,2720772
7.31,2719231
7.31,2717394
7.32,2684077
7.34,2680695
7.35,2676872
7.36,2675940
7.39,2611569
7.39,2596727
7.39,2596000
7.43,2592429
7.43,2591432
7.44,2589494
7.44,2589167
7.45,2578072
7.45,2564991
7.46,2557306
7.46,2555756
7.47,2553598
7.47,2543761
7.47,2543739
7.51,2522447
7.51,2517449
7.52,2509549
7.52,2504259
7.52,2499693
7.52,2494415
7.85,2436093
7.85,2420230
8.16,2418525
8.16,2417193
8.17,2415139
8.17,2408621
8.18,2407201
8.18,2367283
8.18,2363974
8.18,2358627
17.43,2336600
17.43,2335097
17.43,2334631
17.43,2321891
17.45,2321204
17.45,2320647
27.1,2316787
27.1,2306283
27.13,2301277
27.13,2295432
56.21,2294444
70.18,2285163
70.18,2282671
70.19,2276160
70.19,2269410
70.21,2264011
72.38,2261858
72.38,2257311
72.4,2253727
72.59,2246656
72.59,2244265
72.6,2244206
72.79,2230326
136.9,2211264
137.12,2210043
142.44,2207576
142.44,2203163
142.45,2191253
142.45,2190575
142.46,2170255
142.46,2167563
142.47,2167527
142.48,2165705
142.48,2164781
146.94,2162855
149.56,2148827
149.56,2140217
157.66,2139540
158.61,2135466
158.82,2130068
160.72,2121767
160.73,2116052
160.73,2105857
160.74,2104237
160.74,2101616
160.74,2097171
160.74,2082777
160.74,2080119
160.76,2077620
160.77,2069011
160.77,2063107
166.06,2059526
166.06,2053849
166.06,2052473
166.09,2046610
166.09,2044183
166.1,2034722
166.11,2033384
166.26,2032156
166.74,2031705
166.74,2027687
166.81,2027308
166.81,2025183
166.82,2009471
166.82,2008958
166.85,2005837
166.85,2004242
166.85,2003789
166.86,2001677
166.86,2001185
166.89,1999465
166.89,1995506
166.9,1992213
166.91,1987847
166.91,1986214
166.93,1983766
166.93,1977890
167.56,1972834
167.56,1971234
167.56,1967467
237.49,1953752
237.51,1953146
237.51,1945242
237.51,1945053
265.4,1939927
265.4,1939770
265.4,1934292
265.4,1930286
293.54,1925728
303.21,1920667
303.68,1910022
328.83,1901302
328.83,1900867
328.84,1893519
328.84,1882799
328.85,1881043
335.6,1865174
335.61,1863308
335.61,1860878
335.64,1859950
335.64,1852473
335.64,1844684
335.65,1834967
384.02,1834263
384.02,1834043
384.03,1829002
384.05,1826120
384.05,1825600
384.06,1824379
384.06,1821618
415.06,1820282
415.07,1812385
415.2,1798090
415.2,1795866
415.2,1781678
555.6,1766614
555.6,1766416
555.61,1766331
555.61,1766262
555.62,1764697
555.62,1755692
555.62,1752616
556.28,1751340
592.26,1742654
592.26,1742188
592.28,1737518
