0.04,76068
0.08,68380
0.11,68380
0.13,68380
0.17,68380
0.2,68380
0.23,68380
0.3,68380
0.33,68380
0.37,68380
0.41,67554
0.46,67554
0.49,67554
0.54,67554
0.59,67554
0.62,67554
0.69,66510
0.75,66510
0.8,64744
0.87,64744
0.93,64744
0.99,64744
1.06,64744
1.14,64744
1.21,64744
1.29,64744
1.36,64744
1.44,64744
1.5,64744
1.55,64744
1.61,64744
1.67,64542
1.74,64542
1.85,64542
1.96,64542
2.06,64542
2.16,64542
2.27,64542
2.35,64542
2.46,64542
2.57,64542
2.66,64542
2.76,64542
2.85,64542
2.93,64542
3.04,64542
3.14,64542
3.24,64542
3.34,64542
3.43,64542
3.51,64542
3.6,64542
3.7,64542
3.79,64542
3.94,64542
4.07,64542
4.21,63954
4.33,63137
4.49,63137
4.65,63137
4.84,63137
4.98,63137
5.11,63137
5.25,63137
5.38,63137
5.52,63137
5.66,63137
5.8,63137
6.14,63137
6.31,63137
6.47,63137
6.61,63137
6.75,63137
6.88,63137
7.01,63137
7.15,63137
7.28,63137
7.4,63137
7.53,63137
7.67,63137
7.8,63137
7.99,63137
8.19,63137
8.39,63137
8.58,63137
8.77,63137
8.96,63137
9.17,63137
9.36,63137
9.54,63137
9.75,63137
9.93,63137
10.12,63137
10.32,63137
10.52,63137
10.72,63137
10.91,63137
11.1,63137
11.3,63137
11.51,63137
11.69,63137
11.88,63137
12.08,62962
12.27,62962
12.46,62962
12.65,62962
12.85,62962
13.03,62962
13.24,62962
13.43,62962
13.66,62962
13.88,62962
14.1,62962
14.41,62962
14.69,62962
14.98,62962
15.28,62962
15.58,62962
15.87,62962
16.16,62962
16.44,62962
16.74,62962
17.02,62962
17.31,62962
17.61,62962
17.9,62962
18.19,62962
18.48,62962
18.77,62962
19.05,62962
19.33,62962
19.61,62962
19.91,62962
20.2,62962
20.48,62962
20.77,62962
21.06,62962
21.34,62962
21.68,62962
21.97,62962
22.26,62962
22.54,62962
22.83,62962
23.12,62962
23.41,62962
23.7,62962
23.99,62962
24.28,62962
24.56,62962
24.99,62962
25.43,62962
25.85,62962
26.29,62962
26.71,62962
27.16,62962
27.58,62962
28.01,62962
28.45,62962
28.91,62962
29.38,62962
29.97,62962
30.49,62962
30.98,62962
31.48,62962
31.97,62962
32.46,62962
32.92,62962
33.47,62962
33.95,62962
34.45,62962
34.93,62962
35.37,62962
36.14,62962
36.98,62962
37.44,62962
37.93,62962
38.46,62962
39.02,62962
39.86,62962
40.34,62962
40.79,62962
41.23,62962
41.65,62962
42.09,62962
42.52,62962
42.96,62962
43.39,62962
43.83,62962
44.25,62962
44.91,62962
45.57,62962
46.61,62962
47.27,62962
47.92,62962
48.57,62962
49.22,62962
49.88,62962
50.51,62962
51.29,62962
52.29,62962
52.99,62962
53.64,62962
54.29,62962
54.93,62962
55.59,62962
56.26,62962
56.9,62962
57.58,62962
58.8,62962
59.49,62962
60.4,62962
61.62,62962
62.61,62962
63.42,62962
65.42,62962
66.14,62962
66.97,62962
68.61,62962
69.37,62962
70.54,62962
72.46,62962
73.95,62962
75.13,62962
76.67,62962
77.77,62962
78.72,62962
79.64,62962
80.54,62962
81.78,62962
82.49,62962
83.14,62962
83.88,62962
84.61,62962
86.09,62962
87.96,62962
89.66,62962
91.18,62962
92.29,62962
93.4,62962
94.68,62962
95.68,62962
96.78,62962
97.9,62962
99.06,62962
100.11,62962
101.14,62962
102.24,62962
103.45,62962
104.51,62962
105.58,62962
106.85,62962
108.87,62962
110.16,62962
112.52,62962
114.27,62962
117.05,62962
119.12,62962
120.56,62962
122.87,62962
124.63,62962
125.92,62962
128.62,62962
129.63,62962
130.67,62962
132.92,62962
134.0,62962
135.05,62962
136.13,62962
137.29,62962
138.5,62962
139.59,62962
140.66,62962
142.33,62962
143.58,62962
144.71,62962
145.79,62962
146.9,62962
148.15,62962
149.81,62962
150.94,62962
153.3,62962
156.15,62962
158.31,62962
160.76,62962
163.11,62962
165.68,62962
167.4,62962
169.51,62962
171.71,62962
173.34,62962
175.64,62962
177.41,62962
178.94,62962
182.31,62962
183.79,62962
185.28,62962
187.13,62962
188.76,62962
190.51,62962
192.56,62962
194.16,62962
195.68,62962
197.22,62962
198.79,62962
200.31,62962
201.89,62962
203.41,62962
205.34,62962
208.15,62962
211.08,62962
213.21,62962
215.05,62962
216.71,62962
218.51,62962
220.05,62962
221.56,62962
223.17,62962
225.44,62962
227.64,62962
229.23,62962
231.22,62962
232.79,62962
234.33,62962
235.93,62962
237.43,62962
239.36,62962
241.4,62962
243.48,62962
247.18,62962
249.08,62962
250.63,62962
252.27,62962
253.87,62962
255.84,62962
257.71,62962
261.11,62962
262.58,62962
264.06,62962
265.52,62962
267.0,62962
268.46,62962
270.01,62962
271.51,62962
272.97,62962
274.46,62962
276.1,62962
277.73,62962
279.33,62962
280.95,62962
282.65,62962
284.62,62962
286.47,62962
288.03,62962
289.49,62962
290.97,62962
292.44,62962
293.92,62962
295.4,62962
296.86,62962
298.31,62962
299.78,62962
301.24,62962
302.81,62962
304.31,62962
305.78,62962
307.25,62962
308.72,62962
310.23,62962
311.74,62962
313.27,62962
314.86,62962
316.46,62962
318.15,62962
319.91,62962
321.49,62962
323.12,62962
324.69,62962
326.24,62962
327.82,62962
329.38,62962
330.94,62962
332.49,62962
334.21,62962
335.97,62962
337.53,62962
339.09,62962
340.67,62962
342.23,62962
343.8,62962
345.38,62962
346.98,62962
348.53,62962
350.24,62962
352.0,62962
353.57,62962
355.15,62962
356.72,62962
358.27,62962
359.82,62962
361.4,62962
362.97,62962
364.56,62962
366.29,62962
368.01,62962
369.79,62962
371.39,62962
372.93,62962
374.52,62962
376.04,62962
377.58,62962
379.15,62962
380.67,62962
382.33,62962
384.01,62962
385.55,62962
387.08,62962
388.58,62962
390.05,62962
391.52,62962
393.0,62962
394.51,62962
396.01,62962
397.56,62962
399.41,62962
400.87,62962
402.32,62962
403.84,62962
405.31,62962
406.77,62962
408.24,62962
409.69,62962
411.14,62962
412.61,62962
414.13,62962
415.64,62962
417.1,62962
418.54,62962
419.99,62962
421.47,62962
422.91,62962
424.38,62962
425.84,62962
427.31,62962
428.74,62962
430.29,62962
431.77,62962
433.22,62962
434.7,62962
436.14,62962
437.62,62962
439.07,62962
440.53,62962
441.97,62962
443.43,62962
444.89,62962
446.44,62962
447.91,62962
449.38,62962
450.82,62962
452.3,62962
453.75,62962
455.21,62962
456.67,62962
458.12,62962
459.56,62962
461.02,62962
462.59,62962
464.05,62962
465.67,62962
467.15,62962
468.62,62962
470.11,62962
471.59,62962
473.05,62962
474.53,62962
476.02,62962
477.46,62962
479.02,62962
480.73,62962
482.39,62962
484.34,62962
485.88,62962
487.37,62962
488.95,62962
490.41,62962
492.1,62962
493.58,62962
495.15,62962
496.63,62962
498.09,62962
499.55,62962
501.02,62962
502.48,62962
503.96,62962
505.42,62962
506.9,62962
508.39,62962
509.87,62962
511.4,62962
512.86,62962
514.34,62962
515.82,62962
517.3,62962
518.78,62962
520.24,62962
521.72,62962
523.18,62962
524.66,62962
526.21,62962
527.71,62962
529.17,62962
530.65,62962
532.11,62962
533.6,62962
535.07,62962
536.54,62962
538.0,62962
539.45,62962
540.92,62962
542.47,62962
543.94,62962
545.41,62962
546.86,62962
548.33,62962
549.77,62962
551.24,62962
552.71,62962
554.19,62962
555.65,62962
557.1,62962
558.66,62962
560.12,62962
561.59,62962
563.04,62962
564.5,62962
565.98,62962
567.45,62962
568.9,62962
570.37,62962
571.83,62962
573.29,62962
574.86,62962
576.33,62962
577.79,62962
579.25,62962
580.7,62962
582.17,62962
583.66,62962
585.14,62962
586.6,62962
588.08,62962
589.55,62962
591.14,62962
592.59,62962
594.06,62962
595.54,62962
597.0,62962
598.47,62962
599.92,62962
