0.03,68350
0.06,68350
0.08,68350
0.11,65516
0.14,65516
0.17,65516
0.22,65516
0.27,65516
0.31,65516
0.35,65516
0.39,65516
0.44,65516
0.47,65357
0.52,64542
0.55,64542
0.6,64542
0.63,64542
0.69,64542
0.75,64542
0.8,64542
0.86,64542
0.92,64542
0.99,64542
1.05,64542
1.11,64542
1.17,64542
1.22,64542
1.29,64542
1.35,64542
1.42,64542
1.48,64542
1.53,64542
1.62,64542
1.71,64542
1.79,64542
1.89,64542
1.97,64542
2.06,64542
2.16,64542
2.25,62962
2.32,62962
2.42,62962
2.51,62962
2.59,62962
2.68,62962
2.78,62962
2.87,62962
2.96,62962
3.04,62962
3.14,62962
3.23,62962
3.32,62962
3.46,62962
3.59,62962
3.72,62962
3.86,62962
3.98,62962
4.11,62962
4.24,62962
4.38,62962
4.51,62962
4.63,62962
4.76,62962
4.91,62962
5.05,62962
5.19,62962
5.31,62962
5.44,62962
5.56,62962
5.71,62962
5.86,62962
6.0,62962
6.16,62962
6.3,62962
6.44,62962
6.6,62962
6.79,62962
6.99,62962
7.19,62962
7.38,62962
7.58,62962
7.77,62962
7.97,62962
8.16,62962
8.35,62962
8.55,62962
8.74,62962
8.94,62962
9.13,62962
9.32,62962
9.52,62962
9.71,62962
9.91,62962
10.1,62962
10.28,62962
10.49,62962
10.67,62962
10.86,62962
11.05,62962
11.25,62962
11.44,62962
11.63,62962
11.82,62962
12.02,62962
12.31,62962
12.6,62962
12.89,62962
13.19,62962
13.48,62962
13.76,62962
14.06,62962
14.36,62962
14.64,62962
14.95,62962
15.25,62962
15.54,62962
15.83,62962
16.12,62962
16.42,62962
16.72,62962
17.02,62962
17.3,62962
17.6,62962
17.88,62962
18.18,62962
18.47,62962
18.75,62962
19.04,62962
19.32,62962
19.63,62962
19.91,62962
20.19,62962
20.49,62962
20.77,62962
21.06,62962
21.35,62962
21.77,62962
22.32,62962
22.79,62962
23.22,62962
23.66,62962
24.09,62962
24.53,62962
24.99,62962
25.4,62962
25.84,62962
26.26,62962
26.69,62962
27.13,62962
27.55,62962
28.0,62962
28.42,62962
28.86,62962
29.29,62962
29.72,62962
30.16,62962
30.59,62962
31.04,62962
31.5,62962
31.92,62962
32.37,62962
32.81,62962
33.25,62962
33.67,62962
34.1,62962
34.54,62962
34.97,62962
35.41,62962
35.84,62962
36.27,62962
36.71,62962
37.13,62962
37.79,62962
38.51,62962
39.17,62962
39.8,62962
40.46,62962
41.1,62962
41.77,62962
42.43,62962
43.07,62962
43.73,62962
44.39,62962
45.05,62962
45.69,62962
46.35,62962
46.99,62962
47.63,62962
48.28,62962
48.92,62962
49.57,62962
50.21,62962
50.85,62962
51.52,62962
52.16,62962
52.8,62962
53.44,62962
54.16,62962
54.85,62962
55.5,62962
56.14,62962
56.8,62962
57.43,62962
58.07,62962
58.71,62962
59.35,62962
60.01,62962
60.66,62962
61.32,62962
61.96,62962
62.62,62962
63.25,62962
64.24,62962
65.21,62962
66.19,62962
67.16,62962
68.12,62962
69.22,62962
70.25,62962
71.29,62962
72.26,62962
73.26,62962
74.26,62962
75.21,62962
76.22,62962
77.19,62962
78.16,62962
79.13,62962
80.1,62962
81.09,62962
82.07,62962
83.07,62962
84.04,62962
85.01,62962
86.01,62962
87.03,62962
88.01,62962
89.0,62962
89.97,62962
90.93,62962
91.93,62962
92.89,62962
93.85,62962
94.84,62962
95.82,62962
96.78,62962
97.75,62962
98.72,62962
99.69,62962
100.69,62962
101.66,62962
102.74,62962
103.72,62962
104.7,62962
105.67,62962
106.64,62962
108.1,62962
109.56,62962
111.02,62962
112.51,62962
114.0,62962
115.46,62962
116.96,62962
118.49,62962
119.99,62962
121.46,62962
122.96,62962
124.42,62962
125.88,62962
127.34,62962
128.8,62962
130.25,62962
131.7,62962
133.25,62962
134.94,62962
136.41,62962
137.86,62962
139.3,62962
140.77,62962
142.26,62962
143.71,62962
145.22,62962
146.69,62962
148.18,62962
149.67,62962
151.25,62962
152.72,62962
154.2,62962
155.66,62962
157.12,62962
158.57,62962
160.01,62962
161.48,62962
162.94,62962
164.42,62962
165.89,62962
167.47,62962
168.93,62962
170.39,62962
171.86,62962
173.32,62962
174.79,62962
176.24,62962
177.71,62962
179.19,62962
180.63,62962
182.14,62962
183.67,62962
185.15,62962
186.62,62962
188.09,62962
189.54,62962
191.02,62962
192.49,62962
193.98,62962
195.49,62962
196.95,62962
198.5,62962
200.6,62962
202.83,62962
204.4,62962
206.11,62962
207.74,62962
209.38,62962
211.25,62962
212.89,62962
214.44,62962
216.06,62962
217.62,62962
219.25,62962
222.34,62962
228.6,62962
233.28,62962
236.65,62962
241.18,62962
243.25,62962
244.81,62962
246.63,62962
248.22,62962
249.79,62962
251.44,62962
253.32,62962
254.86,62962
256.48,62962
258.06,62962
259.6,62962
261.13,62962
262.87,62962
264.48,62962
266.14,62962
267.87,62962
269.54,62962
271.31,62962
273.21,62962
274.76,62962
276.66,62962
279.63,62962
281.34,62962
283.43,62962
285.04,62962
286.65,62962
288.33,62962
289.9,62962
291.43,62962
292.96,62962
294.68,62962
296.23,62962
297.86,62962
299.59,62962
301.13,62962
302.68,62962
304.2,62962
305.96,62962
307.59,62962
309.13,62962
310.98,62962
312.57,62962
315.08,62962
317.04,62962
320.21,62962
321.89,62962
323.57,62962
325.2,62962
326.97,62962
328.81,62962
330.34,62962
331.84,62962
333.31,62962
334.83,62962
336.3,62962
337.75,62962
339.25,62962
341.15,62962
342.96,62962
344.66,62962
346.23,62962
347.73,62962
349.21,62962
350.69,62962
352.15,62962
353.68,62962
355.83,62962
358.07,62962
361.08,62962
363.66,62962
366.97,62962
372.88,62962
378.81,62962
382.68,62962
385.4,62962
388.58,62962
390.23,62962
392.2,62962
393.83,62962
395.45,62962
397.02,62962
399.18,62962
400.93,62962
402.55,62962
404.29,62962
406.05,62962
407.73,62962
409.72,62962
412.6,62962
416.59,62962
420.25,62962
422.31,62962
426.38,62962
429.51,62962
431.69,62962
433.65,62962
435.4,62962
437.02,62962
439.43,62962
443.53,62962
446.32,62962
448.5,62962
451.93,62962
455.05,62962
458.72,62962
462.26,62962
464.75,62962
468.56,62962
472.33,62962
475.6,62962
478.63,62962
483.54,62962
488.73,62962
493.95,62962
499.21,62962
503.54,62962
506.04,62962
508.68,62962
512.33,62962
515.95,62962
518.24,62962
522.32,62962
525.7,62962
529.21,62962
531.76,62962
534.25,62962
537.44,62962
539.27,62962
541.13,62962
542.7,62962
544.38,62962
546.08,62962
547.65,62962
549.22,62962
551.24,62962
552.97,62962
554.64,62962
556.91,62962
558.59,62962
560.15,62962
561.7,62962
563.26,62962
564.9,62962
566.82,62962
568.64,62962
570.25,62962
571.83,62962
573.36,62962
574.87,62962
576.45,62962
577.95,62962
579.5,62962
581.05,62962
582.7,62962
584.32,62962
585.94,62962
587.48,62962
589.32,62962
591.04,62962
592.67,62962
594.3,62962
596.19,62962
597.75,62962
599.93,62962
