0.0,768336
0.0,761698
0.0,759292
0.0,753662
0.0,746767
0.0,739520
0.01,736558
0.01,735013
0.01,729475
0.01,726783
0.01,721735
0.01,713893
0.01,712407
0.01,696685
0.01,693598
0.01,690894
0.01,687467
0.01,685154
0.01,665704
0.02,662571
0.02,660925
0.02,659420
0.02,652515
0.02,638106
0.09,634803
0.09,633416
0.09,633193
0.09,621309
0.09,616976
0.09,615706
0.09,605715
0.09,604460
0.09,604283
0.09,599824
0.1,597774
0.1,594874
0.11,593290
0.11,581825
0.11,580699
0.11,579497
0.13,570007
0.13,563992
0.13,563260
0.13,560691
0.13,558950
0.13,556972
0.13,547134
0.14,545985
2.4,541351
2.4,540216
2.48,536548
3.65,534374
10.62,526804
10.62,526619
10.62,521302
17.87,520034
17.87,512184
17.87,509952
17.87,504835
17.87,503933
61.13,499461
61.13,495293
61.13,493799
61.13,491738
61.13,489727
453.61,487650
572.34,486805
