0.0,730622
0.0,729606
0.0,727545
0.0,714603
0.0,703996
0.0,700064
0.0,693808
0.01,688905
0.01,686078
0.01,674297
0.01,670296
0.01,665606
0.01,663253
0.01,649819
0.04,648316
0.04,641439
0.04,637884
0.18,636718
0.18,635892
0.19,633029
0.31,622382
0.31,618238
0.31,618232
0.33,617115
0.33,612094
0.33,609974
0.33,602132
0.33,598839
0.33,596198
0.33,584885
0.33,577805
0.33,577019
0.33,570828
0.33,563763
0.33,562903
0.34,559584
0.34,559542
0.34,556970
0.34,556367
0.34,553209
0.34,548707
0.34,544488
0.34,544320
0.34,540762
2.39,540323
2.39,534147
2.39,532381
2.39,530829
2.39,529487
16.45,528422
19.0,528248
19.0,520690
19.0,514825
19.0,512720
51.22,509614
76.16,507567
149.01,501002
149.02,500336
149.02,493538
422.27,489737
422.27,481652
422.27,476362
422.28,471477
422.28,470406
